[2024-05-24T12:56:07.475+0000] {processor.py:161} INFO - Started process (PID=67) to work on /home/airflow/.local/lib/python3.12/site-packages/airflow/example_dags/example_skip_dag.py
[2024-05-24T12:56:07.481+0000] {processor.py:830} INFO - Processing file /home/airflow/.local/lib/python3.12/site-packages/airflow/example_dags/example_skip_dag.py for tasks to queue
[2024-05-24T12:56:07.495+0000] {logging_mixin.py:188} INFO - [2024-05-24T12:56:07.493+0000] {dagbag.py:545} INFO - Filling up the DagBag from /home/airflow/.local/lib/python3.12/site-packages/airflow/example_dags/example_skip_dag.py
[2024-05-24T12:56:07.532+0000] {processor.py:840} INFO - DAG(s) 'example_skip_dag' retrieved from /home/airflow/.local/lib/python3.12/site-packages/airflow/example_dags/example_skip_dag.py
[2024-05-24T12:56:07.685+0000] {logging_mixin.py:188} INFO - [2024-05-24T12:56:07.684+0000] {dag.py:3096} INFO - Sync 1 DAGs
[2024-05-24T12:56:07.790+0000] {logging_mixin.py:188} INFO - [2024-05-24T12:56:07.789+0000] {dag.py:3954} INFO - Setting next_dagrun for example_skip_dag to 2024-05-23 00:00:00+00:00, run_after=2024-05-24 00:00:00+00:00
[2024-05-24T12:56:07.846+0000] {processor.py:183} INFO - Processing /home/airflow/.local/lib/python3.12/site-packages/airflow/example_dags/example_skip_dag.py took 0.416 seconds
[2024-05-24T12:56:38.612+0000] {processor.py:161} INFO - Started process (PID=125) to work on /home/airflow/.local/lib/python3.12/site-packages/airflow/example_dags/example_skip_dag.py
[2024-05-24T12:56:38.613+0000] {processor.py:830} INFO - Processing file /home/airflow/.local/lib/python3.12/site-packages/airflow/example_dags/example_skip_dag.py for tasks to queue
[2024-05-24T12:56:38.615+0000] {logging_mixin.py:188} INFO - [2024-05-24T12:56:38.615+0000] {dagbag.py:545} INFO - Filling up the DagBag from /home/airflow/.local/lib/python3.12/site-packages/airflow/example_dags/example_skip_dag.py
[2024-05-24T12:56:38.622+0000] {processor.py:840} INFO - DAG(s) 'example_skip_dag' retrieved from /home/airflow/.local/lib/python3.12/site-packages/airflow/example_dags/example_skip_dag.py
[2024-05-24T12:56:38.646+0000] {logging_mixin.py:188} INFO - [2024-05-24T12:56:38.645+0000] {dag.py:3096} INFO - Sync 1 DAGs
[2024-05-24T12:56:38.668+0000] {logging_mixin.py:188} INFO - [2024-05-24T12:56:38.668+0000] {dag.py:3954} INFO - Setting next_dagrun for example_skip_dag to 2024-05-23 00:00:00+00:00, run_after=2024-05-24 00:00:00+00:00
[2024-05-24T12:56:38.692+0000] {processor.py:183} INFO - Processing /home/airflow/.local/lib/python3.12/site-packages/airflow/example_dags/example_skip_dag.py took 0.089 seconds
[2024-05-24T12:57:09.235+0000] {processor.py:161} INFO - Started process (PID=183) to work on /home/airflow/.local/lib/python3.12/site-packages/airflow/example_dags/example_skip_dag.py
[2024-05-24T12:57:09.236+0000] {processor.py:830} INFO - Processing file /home/airflow/.local/lib/python3.12/site-packages/airflow/example_dags/example_skip_dag.py for tasks to queue
[2024-05-24T12:57:09.238+0000] {logging_mixin.py:188} INFO - [2024-05-24T12:57:09.238+0000] {dagbag.py:545} INFO - Filling up the DagBag from /home/airflow/.local/lib/python3.12/site-packages/airflow/example_dags/example_skip_dag.py
[2024-05-24T12:57:09.244+0000] {processor.py:840} INFO - DAG(s) 'example_skip_dag' retrieved from /home/airflow/.local/lib/python3.12/site-packages/airflow/example_dags/example_skip_dag.py
[2024-05-24T12:57:09.275+0000] {logging_mixin.py:188} INFO - [2024-05-24T12:57:09.274+0000] {dag.py:3096} INFO - Sync 1 DAGs
[2024-05-24T12:57:09.296+0000] {logging_mixin.py:188} INFO - [2024-05-24T12:57:09.296+0000] {dag.py:3954} INFO - Setting next_dagrun for example_skip_dag to 2024-05-23 00:00:00+00:00, run_after=2024-05-24 00:00:00+00:00
[2024-05-24T12:57:09.321+0000] {processor.py:183} INFO - Processing /home/airflow/.local/lib/python3.12/site-packages/airflow/example_dags/example_skip_dag.py took 0.092 seconds
[2024-05-24T12:57:39.506+0000] {processor.py:161} INFO - Started process (PID=241) to work on /home/airflow/.local/lib/python3.12/site-packages/airflow/example_dags/example_skip_dag.py
[2024-05-24T12:57:39.507+0000] {processor.py:830} INFO - Processing file /home/airflow/.local/lib/python3.12/site-packages/airflow/example_dags/example_skip_dag.py for tasks to queue
[2024-05-24T12:57:39.509+0000] {logging_mixin.py:188} INFO - [2024-05-24T12:57:39.509+0000] {dagbag.py:545} INFO - Filling up the DagBag from /home/airflow/.local/lib/python3.12/site-packages/airflow/example_dags/example_skip_dag.py
[2024-05-24T12:57:39.515+0000] {processor.py:840} INFO - DAG(s) 'example_skip_dag' retrieved from /home/airflow/.local/lib/python3.12/site-packages/airflow/example_dags/example_skip_dag.py
[2024-05-24T12:57:39.541+0000] {logging_mixin.py:188} INFO - [2024-05-24T12:57:39.541+0000] {dag.py:3096} INFO - Sync 1 DAGs
[2024-05-24T12:57:39.565+0000] {logging_mixin.py:188} INFO - [2024-05-24T12:57:39.564+0000] {dag.py:3954} INFO - Setting next_dagrun for example_skip_dag to 2024-05-23 00:00:00+00:00, run_after=2024-05-24 00:00:00+00:00
[2024-05-24T12:57:39.589+0000] {processor.py:183} INFO - Processing /home/airflow/.local/lib/python3.12/site-packages/airflow/example_dags/example_skip_dag.py took 0.088 seconds
[2024-05-24T12:58:09.843+0000] {processor.py:161} INFO - Started process (PID=299) to work on /home/airflow/.local/lib/python3.12/site-packages/airflow/example_dags/example_skip_dag.py
[2024-05-24T12:58:09.846+0000] {processor.py:830} INFO - Processing file /home/airflow/.local/lib/python3.12/site-packages/airflow/example_dags/example_skip_dag.py for tasks to queue
[2024-05-24T12:58:09.849+0000] {logging_mixin.py:188} INFO - [2024-05-24T12:58:09.848+0000] {dagbag.py:545} INFO - Filling up the DagBag from /home/airflow/.local/lib/python3.12/site-packages/airflow/example_dags/example_skip_dag.py
[2024-05-24T12:58:09.874+0000] {processor.py:840} INFO - DAG(s) 'example_skip_dag' retrieved from /home/airflow/.local/lib/python3.12/site-packages/airflow/example_dags/example_skip_dag.py
[2024-05-24T12:58:09.926+0000] {logging_mixin.py:188} INFO - [2024-05-24T12:58:09.925+0000] {dag.py:3096} INFO - Sync 1 DAGs
[2024-05-24T12:58:09.981+0000] {logging_mixin.py:188} INFO - [2024-05-24T12:58:09.981+0000] {dag.py:3954} INFO - Setting next_dagrun for example_skip_dag to 2024-05-23 00:00:00+00:00, run_after=2024-05-24 00:00:00+00:00
[2024-05-24T12:58:10.006+0000] {processor.py:183} INFO - Processing /home/airflow/.local/lib/python3.12/site-packages/airflow/example_dags/example_skip_dag.py took 0.172 seconds
[2024-05-24T12:58:40.041+0000] {processor.py:161} INFO - Started process (PID=356) to work on /home/airflow/.local/lib/python3.12/site-packages/airflow/example_dags/example_skip_dag.py
[2024-05-24T12:58:40.042+0000] {processor.py:830} INFO - Processing file /home/airflow/.local/lib/python3.12/site-packages/airflow/example_dags/example_skip_dag.py for tasks to queue
[2024-05-24T12:58:40.044+0000] {logging_mixin.py:188} INFO - [2024-05-24T12:58:40.043+0000] {dagbag.py:545} INFO - Filling up the DagBag from /home/airflow/.local/lib/python3.12/site-packages/airflow/example_dags/example_skip_dag.py
[2024-05-24T12:58:40.049+0000] {processor.py:840} INFO - DAG(s) 'example_skip_dag' retrieved from /home/airflow/.local/lib/python3.12/site-packages/airflow/example_dags/example_skip_dag.py
[2024-05-24T12:58:40.070+0000] {logging_mixin.py:188} INFO - [2024-05-24T12:58:40.070+0000] {dag.py:3096} INFO - Sync 1 DAGs
[2024-05-24T12:58:40.090+0000] {logging_mixin.py:188} INFO - [2024-05-24T12:58:40.090+0000] {dag.py:3954} INFO - Setting next_dagrun for example_skip_dag to 2024-05-23 00:00:00+00:00, run_after=2024-05-24 00:00:00+00:00
[2024-05-24T12:58:40.113+0000] {processor.py:183} INFO - Processing /home/airflow/.local/lib/python3.12/site-packages/airflow/example_dags/example_skip_dag.py took 0.077 seconds
