[2024-05-24T12:56:13.038+0000] {processor.py:161} INFO - Started process (PID=86) to work on /home/airflow/.local/lib/python3.12/site-packages/airflow/example_dags/example_branch_python_dop_operator_3.py
[2024-05-24T12:56:13.045+0000] {processor.py:830} INFO - Processing file /home/airflow/.local/lib/python3.12/site-packages/airflow/example_dags/example_branch_python_dop_operator_3.py for tasks to queue
[2024-05-24T12:56:13.052+0000] {logging_mixin.py:188} INFO - [2024-05-24T12:56:13.051+0000] {dagbag.py:545} INFO - Filling up the DagBag from /home/airflow/.local/lib/python3.12/site-packages/airflow/example_dags/example_branch_python_dop_operator_3.py
[2024-05-24T12:56:13.079+0000] {processor.py:840} INFO - DAG(s) 'example_branch_dop_operator_v3' retrieved from /home/airflow/.local/lib/python3.12/site-packages/airflow/example_dags/example_branch_python_dop_operator_3.py
[2024-05-24T12:56:13.153+0000] {logging_mixin.py:188} INFO - [2024-05-24T12:56:13.153+0000] {dag.py:3096} INFO - Sync 1 DAGs
[2024-05-24T12:56:13.274+0000] {logging_mixin.py:188} INFO - [2024-05-24T12:56:13.273+0000] {dag.py:3954} INFO - Setting next_dagrun for example_branch_dop_operator_v3 to 2024-05-24 12:55:00+00:00, run_after=2024-05-24 12:56:00+00:00
[2024-05-24T12:56:13.321+0000] {processor.py:183} INFO - Processing /home/airflow/.local/lib/python3.12/site-packages/airflow/example_dags/example_branch_python_dop_operator_3.py took 0.323 seconds
[2024-05-24T12:56:43.662+0000] {processor.py:161} INFO - Started process (PID=144) to work on /home/airflow/.local/lib/python3.12/site-packages/airflow/example_dags/example_branch_python_dop_operator_3.py
[2024-05-24T12:56:43.663+0000] {processor.py:830} INFO - Processing file /home/airflow/.local/lib/python3.12/site-packages/airflow/example_dags/example_branch_python_dop_operator_3.py for tasks to queue
[2024-05-24T12:56:43.664+0000] {logging_mixin.py:188} INFO - [2024-05-24T12:56:43.664+0000] {dagbag.py:545} INFO - Filling up the DagBag from /home/airflow/.local/lib/python3.12/site-packages/airflow/example_dags/example_branch_python_dop_operator_3.py
[2024-05-24T12:56:43.673+0000] {processor.py:840} INFO - DAG(s) 'example_branch_dop_operator_v3' retrieved from /home/airflow/.local/lib/python3.12/site-packages/airflow/example_dags/example_branch_python_dop_operator_3.py
[2024-05-24T12:56:43.695+0000] {logging_mixin.py:188} INFO - [2024-05-24T12:56:43.695+0000] {dag.py:3096} INFO - Sync 1 DAGs
[2024-05-24T12:56:43.719+0000] {logging_mixin.py:188} INFO - [2024-05-24T12:56:43.719+0000] {dag.py:3954} INFO - Setting next_dagrun for example_branch_dop_operator_v3 to 2024-05-24 12:55:00+00:00, run_after=2024-05-24 12:56:00+00:00
[2024-05-24T12:56:43.743+0000] {processor.py:183} INFO - Processing /home/airflow/.local/lib/python3.12/site-packages/airflow/example_dags/example_branch_python_dop_operator_3.py took 0.087 seconds
[2024-05-24T12:57:14.324+0000] {processor.py:161} INFO - Started process (PID=202) to work on /home/airflow/.local/lib/python3.12/site-packages/airflow/example_dags/example_branch_python_dop_operator_3.py
[2024-05-24T12:57:14.325+0000] {processor.py:830} INFO - Processing file /home/airflow/.local/lib/python3.12/site-packages/airflow/example_dags/example_branch_python_dop_operator_3.py for tasks to queue
[2024-05-24T12:57:14.328+0000] {logging_mixin.py:188} INFO - [2024-05-24T12:57:14.327+0000] {dagbag.py:545} INFO - Filling up the DagBag from /home/airflow/.local/lib/python3.12/site-packages/airflow/example_dags/example_branch_python_dop_operator_3.py
[2024-05-24T12:57:14.337+0000] {processor.py:840} INFO - DAG(s) 'example_branch_dop_operator_v3' retrieved from /home/airflow/.local/lib/python3.12/site-packages/airflow/example_dags/example_branch_python_dop_operator_3.py
[2024-05-24T12:57:14.358+0000] {logging_mixin.py:188} INFO - [2024-05-24T12:57:14.358+0000] {dag.py:3096} INFO - Sync 1 DAGs
[2024-05-24T12:57:14.383+0000] {logging_mixin.py:188} INFO - [2024-05-24T12:57:14.383+0000] {dag.py:3954} INFO - Setting next_dagrun for example_branch_dop_operator_v3 to 2024-05-24 12:56:00+00:00, run_after=2024-05-24 12:57:00+00:00
[2024-05-24T12:57:14.407+0000] {processor.py:183} INFO - Processing /home/airflow/.local/lib/python3.12/site-packages/airflow/example_dags/example_branch_python_dop_operator_3.py took 0.090 seconds
[2024-05-24T12:57:44.642+0000] {processor.py:161} INFO - Started process (PID=260) to work on /home/airflow/.local/lib/python3.12/site-packages/airflow/example_dags/example_branch_python_dop_operator_3.py
[2024-05-24T12:57:44.643+0000] {processor.py:830} INFO - Processing file /home/airflow/.local/lib/python3.12/site-packages/airflow/example_dags/example_branch_python_dop_operator_3.py for tasks to queue
[2024-05-24T12:57:44.645+0000] {logging_mixin.py:188} INFO - [2024-05-24T12:57:44.645+0000] {dagbag.py:545} INFO - Filling up the DagBag from /home/airflow/.local/lib/python3.12/site-packages/airflow/example_dags/example_branch_python_dop_operator_3.py
[2024-05-24T12:57:44.658+0000] {processor.py:840} INFO - DAG(s) 'example_branch_dop_operator_v3' retrieved from /home/airflow/.local/lib/python3.12/site-packages/airflow/example_dags/example_branch_python_dop_operator_3.py
[2024-05-24T12:57:44.677+0000] {logging_mixin.py:188} INFO - [2024-05-24T12:57:44.677+0000] {dag.py:3096} INFO - Sync 1 DAGs
[2024-05-24T12:57:44.702+0000] {logging_mixin.py:188} INFO - [2024-05-24T12:57:44.701+0000] {dag.py:3954} INFO - Setting next_dagrun for example_branch_dop_operator_v3 to 2024-05-24 12:56:00+00:00, run_after=2024-05-24 12:57:00+00:00
[2024-05-24T12:57:44.726+0000] {processor.py:183} INFO - Processing /home/airflow/.local/lib/python3.12/site-packages/airflow/example_dags/example_branch_python_dop_operator_3.py took 0.090 seconds
[2024-05-24T12:58:15.562+0000] {processor.py:161} INFO - Started process (PID=318) to work on /home/airflow/.local/lib/python3.12/site-packages/airflow/example_dags/example_branch_python_dop_operator_3.py
[2024-05-24T12:58:15.564+0000] {processor.py:830} INFO - Processing file /home/airflow/.local/lib/python3.12/site-packages/airflow/example_dags/example_branch_python_dop_operator_3.py for tasks to queue
[2024-05-24T12:58:15.566+0000] {logging_mixin.py:188} INFO - [2024-05-24T12:58:15.566+0000] {dagbag.py:545} INFO - Filling up the DagBag from /home/airflow/.local/lib/python3.12/site-packages/airflow/example_dags/example_branch_python_dop_operator_3.py
[2024-05-24T12:58:15.575+0000] {processor.py:840} INFO - DAG(s) 'example_branch_dop_operator_v3' retrieved from /home/airflow/.local/lib/python3.12/site-packages/airflow/example_dags/example_branch_python_dop_operator_3.py
[2024-05-24T12:58:15.596+0000] {logging_mixin.py:188} INFO - [2024-05-24T12:58:15.596+0000] {dag.py:3096} INFO - Sync 1 DAGs
[2024-05-24T12:58:15.623+0000] {logging_mixin.py:188} INFO - [2024-05-24T12:58:15.623+0000] {dag.py:3954} INFO - Setting next_dagrun for example_branch_dop_operator_v3 to 2024-05-24 12:57:00+00:00, run_after=2024-05-24 12:58:00+00:00
[2024-05-24T12:58:15.646+0000] {processor.py:183} INFO - Processing /home/airflow/.local/lib/python3.12/site-packages/airflow/example_dags/example_branch_python_dop_operator_3.py took 0.089 seconds
[2024-05-24T12:58:46.280+0000] {processor.py:161} INFO - Started process (PID=376) to work on /home/airflow/.local/lib/python3.12/site-packages/airflow/example_dags/example_branch_python_dop_operator_3.py
[2024-05-24T12:58:46.281+0000] {processor.py:830} INFO - Processing file /home/airflow/.local/lib/python3.12/site-packages/airflow/example_dags/example_branch_python_dop_operator_3.py for tasks to queue
[2024-05-24T12:58:46.283+0000] {logging_mixin.py:188} INFO - [2024-05-24T12:58:46.283+0000] {dagbag.py:545} INFO - Filling up the DagBag from /home/airflow/.local/lib/python3.12/site-packages/airflow/example_dags/example_branch_python_dop_operator_3.py
[2024-05-24T12:58:46.292+0000] {processor.py:840} INFO - DAG(s) 'example_branch_dop_operator_v3' retrieved from /home/airflow/.local/lib/python3.12/site-packages/airflow/example_dags/example_branch_python_dop_operator_3.py
[2024-05-24T12:58:46.314+0000] {logging_mixin.py:188} INFO - [2024-05-24T12:58:46.314+0000] {dag.py:3096} INFO - Sync 1 DAGs
[2024-05-24T12:58:46.341+0000] {logging_mixin.py:188} INFO - [2024-05-24T12:58:46.341+0000] {dag.py:3954} INFO - Setting next_dagrun for example_branch_dop_operator_v3 to 2024-05-24 12:57:00+00:00, run_after=2024-05-24 12:58:00+00:00
[2024-05-24T12:58:46.363+0000] {processor.py:183} INFO - Processing /home/airflow/.local/lib/python3.12/site-packages/airflow/example_dags/example_branch_python_dop_operator_3.py took 0.089 seconds
