[2024-05-24T12:56:09.507+0000] {processor.py:161} INFO - Started process (PID=74) to work on /home/airflow/.local/lib/python3.12/site-packages/airflow/example_dags/example_latest_only_with_trigger.py
[2024-05-24T12:56:09.515+0000] {processor.py:830} INFO - Processing file /home/airflow/.local/lib/python3.12/site-packages/airflow/example_dags/example_latest_only_with_trigger.py for tasks to queue
[2024-05-24T12:56:09.534+0000] {logging_mixin.py:188} INFO - [2024-05-24T12:56:09.533+0000] {dagbag.py:545} INFO - Filling up the DagBag from /home/airflow/.local/lib/python3.12/site-packages/airflow/example_dags/example_latest_only_with_trigger.py
[2024-05-24T12:56:09.552+0000] {processor.py:840} INFO - DAG(s) 'latest_only_with_trigger' retrieved from /home/airflow/.local/lib/python3.12/site-packages/airflow/example_dags/example_latest_only_with_trigger.py
[2024-05-24T12:56:09.669+0000] {logging_mixin.py:188} INFO - [2024-05-24T12:56:09.669+0000] {dag.py:3096} INFO - Sync 1 DAGs
[2024-05-24T12:56:09.796+0000] {logging_mixin.py:188} INFO - [2024-05-24T12:56:09.796+0000] {dag.py:3954} INFO - Setting next_dagrun for latest_only_with_trigger to 2024-05-24 08:00:00+00:00, run_after=2024-05-24 12:00:00+00:00
[2024-05-24T12:56:09.874+0000] {processor.py:183} INFO - Processing /home/airflow/.local/lib/python3.12/site-packages/airflow/example_dags/example_latest_only_with_trigger.py took 0.421 seconds
[2024-05-24T12:56:40.016+0000] {processor.py:161} INFO - Started process (PID=132) to work on /home/airflow/.local/lib/python3.12/site-packages/airflow/example_dags/example_latest_only_with_trigger.py
[2024-05-24T12:56:40.017+0000] {processor.py:830} INFO - Processing file /home/airflow/.local/lib/python3.12/site-packages/airflow/example_dags/example_latest_only_with_trigger.py for tasks to queue
[2024-05-24T12:56:40.019+0000] {logging_mixin.py:188} INFO - [2024-05-24T12:56:40.019+0000] {dagbag.py:545} INFO - Filling up the DagBag from /home/airflow/.local/lib/python3.12/site-packages/airflow/example_dags/example_latest_only_with_trigger.py
[2024-05-24T12:56:40.025+0000] {processor.py:840} INFO - DAG(s) 'latest_only_with_trigger' retrieved from /home/airflow/.local/lib/python3.12/site-packages/airflow/example_dags/example_latest_only_with_trigger.py
[2024-05-24T12:56:40.045+0000] {logging_mixin.py:188} INFO - [2024-05-24T12:56:40.044+0000] {dag.py:3096} INFO - Sync 1 DAGs
[2024-05-24T12:56:40.064+0000] {logging_mixin.py:188} INFO - [2024-05-24T12:56:40.064+0000] {dag.py:3954} INFO - Setting next_dagrun for latest_only_with_trigger to 2024-05-24 08:00:00+00:00, run_after=2024-05-24 12:00:00+00:00
[2024-05-24T12:56:40.085+0000] {processor.py:183} INFO - Processing /home/airflow/.local/lib/python3.12/site-packages/airflow/example_dags/example_latest_only_with_trigger.py took 0.074 seconds
[2024-05-24T12:57:10.670+0000] {processor.py:161} INFO - Started process (PID=190) to work on /home/airflow/.local/lib/python3.12/site-packages/airflow/example_dags/example_latest_only_with_trigger.py
[2024-05-24T12:57:10.671+0000] {processor.py:830} INFO - Processing file /home/airflow/.local/lib/python3.12/site-packages/airflow/example_dags/example_latest_only_with_trigger.py for tasks to queue
[2024-05-24T12:57:10.673+0000] {logging_mixin.py:188} INFO - [2024-05-24T12:57:10.673+0000] {dagbag.py:545} INFO - Filling up the DagBag from /home/airflow/.local/lib/python3.12/site-packages/airflow/example_dags/example_latest_only_with_trigger.py
[2024-05-24T12:57:10.679+0000] {processor.py:840} INFO - DAG(s) 'latest_only_with_trigger' retrieved from /home/airflow/.local/lib/python3.12/site-packages/airflow/example_dags/example_latest_only_with_trigger.py
[2024-05-24T12:57:10.704+0000] {logging_mixin.py:188} INFO - [2024-05-24T12:57:10.703+0000] {dag.py:3096} INFO - Sync 1 DAGs
[2024-05-24T12:57:10.728+0000] {logging_mixin.py:188} INFO - [2024-05-24T12:57:10.728+0000] {dag.py:3954} INFO - Setting next_dagrun for latest_only_with_trigger to 2024-05-24 08:00:00+00:00, run_after=2024-05-24 12:00:00+00:00
[2024-05-24T12:57:10.753+0000] {processor.py:183} INFO - Processing /home/airflow/.local/lib/python3.12/site-packages/airflow/example_dags/example_latest_only_with_trigger.py took 0.088 seconds
[2024-05-24T12:57:40.977+0000] {processor.py:161} INFO - Started process (PID=248) to work on /home/airflow/.local/lib/python3.12/site-packages/airflow/example_dags/example_latest_only_with_trigger.py
[2024-05-24T12:57:40.978+0000] {processor.py:830} INFO - Processing file /home/airflow/.local/lib/python3.12/site-packages/airflow/example_dags/example_latest_only_with_trigger.py for tasks to queue
[2024-05-24T12:57:40.980+0000] {logging_mixin.py:188} INFO - [2024-05-24T12:57:40.980+0000] {dagbag.py:545} INFO - Filling up the DagBag from /home/airflow/.local/lib/python3.12/site-packages/airflow/example_dags/example_latest_only_with_trigger.py
[2024-05-24T12:57:40.985+0000] {processor.py:840} INFO - DAG(s) 'latest_only_with_trigger' retrieved from /home/airflow/.local/lib/python3.12/site-packages/airflow/example_dags/example_latest_only_with_trigger.py
[2024-05-24T12:57:41.006+0000] {logging_mixin.py:188} INFO - [2024-05-24T12:57:41.006+0000] {dag.py:3096} INFO - Sync 1 DAGs
[2024-05-24T12:57:41.028+0000] {logging_mixin.py:188} INFO - [2024-05-24T12:57:41.028+0000] {dag.py:3954} INFO - Setting next_dagrun for latest_only_with_trigger to 2024-05-24 08:00:00+00:00, run_after=2024-05-24 12:00:00+00:00
[2024-05-24T12:57:41.048+0000] {processor.py:183} INFO - Processing /home/airflow/.local/lib/python3.12/site-packages/airflow/example_dags/example_latest_only_with_trigger.py took 0.077 seconds
[2024-05-24T12:58:11.752+0000] {processor.py:161} INFO - Started process (PID=306) to work on /home/airflow/.local/lib/python3.12/site-packages/airflow/example_dags/example_latest_only_with_trigger.py
[2024-05-24T12:58:11.754+0000] {processor.py:830} INFO - Processing file /home/airflow/.local/lib/python3.12/site-packages/airflow/example_dags/example_latest_only_with_trigger.py for tasks to queue
[2024-05-24T12:58:11.757+0000] {logging_mixin.py:188} INFO - [2024-05-24T12:58:11.756+0000] {dagbag.py:545} INFO - Filling up the DagBag from /home/airflow/.local/lib/python3.12/site-packages/airflow/example_dags/example_latest_only_with_trigger.py
[2024-05-24T12:58:11.765+0000] {processor.py:840} INFO - DAG(s) 'latest_only_with_trigger' retrieved from /home/airflow/.local/lib/python3.12/site-packages/airflow/example_dags/example_latest_only_with_trigger.py
[2024-05-24T12:58:11.800+0000] {logging_mixin.py:188} INFO - [2024-05-24T12:58:11.800+0000] {dag.py:3096} INFO - Sync 1 DAGs
[2024-05-24T12:58:11.851+0000] {logging_mixin.py:188} INFO - [2024-05-24T12:58:11.850+0000] {dag.py:3954} INFO - Setting next_dagrun for latest_only_with_trigger to 2024-05-24 08:00:00+00:00, run_after=2024-05-24 12:00:00+00:00
[2024-05-24T12:58:11.887+0000] {processor.py:183} INFO - Processing /home/airflow/.local/lib/python3.12/site-packages/airflow/example_dags/example_latest_only_with_trigger.py took 0.143 seconds
[2024-05-24T12:58:42.490+0000] {processor.py:161} INFO - Started process (PID=364) to work on /home/airflow/.local/lib/python3.12/site-packages/airflow/example_dags/example_latest_only_with_trigger.py
[2024-05-24T12:58:42.491+0000] {processor.py:830} INFO - Processing file /home/airflow/.local/lib/python3.12/site-packages/airflow/example_dags/example_latest_only_with_trigger.py for tasks to queue
[2024-05-24T12:58:42.493+0000] {logging_mixin.py:188} INFO - [2024-05-24T12:58:42.492+0000] {dagbag.py:545} INFO - Filling up the DagBag from /home/airflow/.local/lib/python3.12/site-packages/airflow/example_dags/example_latest_only_with_trigger.py
[2024-05-24T12:58:42.498+0000] {processor.py:840} INFO - DAG(s) 'latest_only_with_trigger' retrieved from /home/airflow/.local/lib/python3.12/site-packages/airflow/example_dags/example_latest_only_with_trigger.py
[2024-05-24T12:58:42.525+0000] {logging_mixin.py:188} INFO - [2024-05-24T12:58:42.524+0000] {dag.py:3096} INFO - Sync 1 DAGs
[2024-05-24T12:58:42.551+0000] {logging_mixin.py:188} INFO - [2024-05-24T12:58:42.551+0000] {dag.py:3954} INFO - Setting next_dagrun for latest_only_with_trigger to 2024-05-24 08:00:00+00:00, run_after=2024-05-24 12:00:00+00:00
[2024-05-24T12:58:42.578+0000] {processor.py:183} INFO - Processing /home/airflow/.local/lib/python3.12/site-packages/airflow/example_dags/example_latest_only_with_trigger.py took 0.094 seconds
