[2024-05-24T12:56:15.524+0000] {processor.py:161} INFO - Started process (PID=94) to work on /home/airflow/.local/lib/python3.12/site-packages/airflow/example_dags/example_setup_teardown_taskflow.py
[2024-05-24T12:56:15.528+0000] {processor.py:830} INFO - Processing file /home/airflow/.local/lib/python3.12/site-packages/airflow/example_dags/example_setup_teardown_taskflow.py for tasks to queue
[2024-05-24T12:56:15.538+0000] {logging_mixin.py:188} INFO - [2024-05-24T12:56:15.531+0000] {dagbag.py:545} INFO - Filling up the DagBag from /home/airflow/.local/lib/python3.12/site-packages/airflow/example_dags/example_setup_teardown_taskflow.py
[2024-05-24T12:56:15.586+0000] {processor.py:840} INFO - DAG(s) 'example_setup_teardown_taskflow' retrieved from /home/airflow/.local/lib/python3.12/site-packages/airflow/example_dags/example_setup_teardown_taskflow.py
[2024-05-24T12:56:15.785+0000] {logging_mixin.py:188} INFO - [2024-05-24T12:56:15.784+0000] {dag.py:3096} INFO - Sync 1 DAGs
[2024-05-24T12:56:15.902+0000] {logging_mixin.py:188} INFO - [2024-05-24T12:56:15.902+0000] {dag.py:3954} INFO - Setting next_dagrun for example_setup_teardown_taskflow to 2024-05-23 00:00:00+00:00, run_after=2024-05-24 00:00:00+00:00
[2024-05-24T12:56:15.974+0000] {processor.py:183} INFO - Processing /home/airflow/.local/lib/python3.12/site-packages/airflow/example_dags/example_setup_teardown_taskflow.py took 0.489 seconds
[2024-05-24T12:56:46.043+0000] {processor.py:161} INFO - Started process (PID=151) to work on /home/airflow/.local/lib/python3.12/site-packages/airflow/example_dags/example_setup_teardown_taskflow.py
[2024-05-24T12:56:46.044+0000] {processor.py:830} INFO - Processing file /home/airflow/.local/lib/python3.12/site-packages/airflow/example_dags/example_setup_teardown_taskflow.py for tasks to queue
[2024-05-24T12:56:46.046+0000] {logging_mixin.py:188} INFO - [2024-05-24T12:56:46.046+0000] {dagbag.py:545} INFO - Filling up the DagBag from /home/airflow/.local/lib/python3.12/site-packages/airflow/example_dags/example_setup_teardown_taskflow.py
[2024-05-24T12:56:46.054+0000] {processor.py:840} INFO - DAG(s) 'example_setup_teardown_taskflow' retrieved from /home/airflow/.local/lib/python3.12/site-packages/airflow/example_dags/example_setup_teardown_taskflow.py
[2024-05-24T12:56:46.077+0000] {logging_mixin.py:188} INFO - [2024-05-24T12:56:46.077+0000] {dag.py:3096} INFO - Sync 1 DAGs
[2024-05-24T12:56:46.099+0000] {logging_mixin.py:188} INFO - [2024-05-24T12:56:46.099+0000] {dag.py:3954} INFO - Setting next_dagrun for example_setup_teardown_taskflow to 2024-05-23 00:00:00+00:00, run_after=2024-05-24 00:00:00+00:00
[2024-05-24T12:56:46.122+0000] {processor.py:183} INFO - Processing /home/airflow/.local/lib/python3.12/site-packages/airflow/example_dags/example_setup_teardown_taskflow.py took 0.087 seconds
[2024-05-24T12:57:16.821+0000] {processor.py:161} INFO - Started process (PID=210) to work on /home/airflow/.local/lib/python3.12/site-packages/airflow/example_dags/example_setup_teardown_taskflow.py
[2024-05-24T12:57:16.822+0000] {processor.py:830} INFO - Processing file /home/airflow/.local/lib/python3.12/site-packages/airflow/example_dags/example_setup_teardown_taskflow.py for tasks to queue
[2024-05-24T12:57:16.824+0000] {logging_mixin.py:188} INFO - [2024-05-24T12:57:16.824+0000] {dagbag.py:545} INFO - Filling up the DagBag from /home/airflow/.local/lib/python3.12/site-packages/airflow/example_dags/example_setup_teardown_taskflow.py
[2024-05-24T12:57:16.833+0000] {processor.py:840} INFO - DAG(s) 'example_setup_teardown_taskflow' retrieved from /home/airflow/.local/lib/python3.12/site-packages/airflow/example_dags/example_setup_teardown_taskflow.py
[2024-05-24T12:57:16.856+0000] {logging_mixin.py:188} INFO - [2024-05-24T12:57:16.856+0000] {dag.py:3096} INFO - Sync 1 DAGs
[2024-05-24T12:57:16.877+0000] {logging_mixin.py:188} INFO - [2024-05-24T12:57:16.877+0000] {dag.py:3954} INFO - Setting next_dagrun for example_setup_teardown_taskflow to 2024-05-23 00:00:00+00:00, run_after=2024-05-24 00:00:00+00:00
[2024-05-24T12:57:16.901+0000] {processor.py:183} INFO - Processing /home/airflow/.local/lib/python3.12/site-packages/airflow/example_dags/example_setup_teardown_taskflow.py took 0.086 seconds
[2024-05-24T12:57:47.125+0000] {processor.py:161} INFO - Started process (PID=268) to work on /home/airflow/.local/lib/python3.12/site-packages/airflow/example_dags/example_setup_teardown_taskflow.py
[2024-05-24T12:57:47.126+0000] {processor.py:830} INFO - Processing file /home/airflow/.local/lib/python3.12/site-packages/airflow/example_dags/example_setup_teardown_taskflow.py for tasks to queue
[2024-05-24T12:57:47.128+0000] {logging_mixin.py:188} INFO - [2024-05-24T12:57:47.128+0000] {dagbag.py:545} INFO - Filling up the DagBag from /home/airflow/.local/lib/python3.12/site-packages/airflow/example_dags/example_setup_teardown_taskflow.py
[2024-05-24T12:57:47.136+0000] {processor.py:840} INFO - DAG(s) 'example_setup_teardown_taskflow' retrieved from /home/airflow/.local/lib/python3.12/site-packages/airflow/example_dags/example_setup_teardown_taskflow.py
[2024-05-24T12:57:47.159+0000] {logging_mixin.py:188} INFO - [2024-05-24T12:57:47.159+0000] {dag.py:3096} INFO - Sync 1 DAGs
[2024-05-24T12:57:47.180+0000] {logging_mixin.py:188} INFO - [2024-05-24T12:57:47.180+0000] {dag.py:3954} INFO - Setting next_dagrun for example_setup_teardown_taskflow to 2024-05-23 00:00:00+00:00, run_after=2024-05-24 00:00:00+00:00
[2024-05-24T12:57:47.203+0000] {processor.py:183} INFO - Processing /home/airflow/.local/lib/python3.12/site-packages/airflow/example_dags/example_setup_teardown_taskflow.py took 0.084 seconds
[2024-05-24T12:58:18.051+0000] {processor.py:161} INFO - Started process (PID=326) to work on /home/airflow/.local/lib/python3.12/site-packages/airflow/example_dags/example_setup_teardown_taskflow.py
[2024-05-24T12:58:18.052+0000] {processor.py:830} INFO - Processing file /home/airflow/.local/lib/python3.12/site-packages/airflow/example_dags/example_setup_teardown_taskflow.py for tasks to queue
[2024-05-24T12:58:18.054+0000] {logging_mixin.py:188} INFO - [2024-05-24T12:58:18.054+0000] {dagbag.py:545} INFO - Filling up the DagBag from /home/airflow/.local/lib/python3.12/site-packages/airflow/example_dags/example_setup_teardown_taskflow.py
[2024-05-24T12:58:18.062+0000] {processor.py:840} INFO - DAG(s) 'example_setup_teardown_taskflow' retrieved from /home/airflow/.local/lib/python3.12/site-packages/airflow/example_dags/example_setup_teardown_taskflow.py
[2024-05-24T12:58:18.084+0000] {logging_mixin.py:188} INFO - [2024-05-24T12:58:18.084+0000] {dag.py:3096} INFO - Sync 1 DAGs
[2024-05-24T12:58:18.107+0000] {logging_mixin.py:188} INFO - [2024-05-24T12:58:18.106+0000] {dag.py:3954} INFO - Setting next_dagrun for example_setup_teardown_taskflow to 2024-05-23 00:00:00+00:00, run_after=2024-05-24 00:00:00+00:00
[2024-05-24T12:58:18.130+0000] {processor.py:183} INFO - Processing /home/airflow/.local/lib/python3.12/site-packages/airflow/example_dags/example_setup_teardown_taskflow.py took 0.084 seconds
[2024-05-24T12:58:48.669+0000] {processor.py:161} INFO - Started process (PID=384) to work on /home/airflow/.local/lib/python3.12/site-packages/airflow/example_dags/example_setup_teardown_taskflow.py
[2024-05-24T12:58:48.670+0000] {processor.py:830} INFO - Processing file /home/airflow/.local/lib/python3.12/site-packages/airflow/example_dags/example_setup_teardown_taskflow.py for tasks to queue
[2024-05-24T12:58:48.673+0000] {logging_mixin.py:188} INFO - [2024-05-24T12:58:48.673+0000] {dagbag.py:545} INFO - Filling up the DagBag from /home/airflow/.local/lib/python3.12/site-packages/airflow/example_dags/example_setup_teardown_taskflow.py
[2024-05-24T12:58:48.682+0000] {processor.py:840} INFO - DAG(s) 'example_setup_teardown_taskflow' retrieved from /home/airflow/.local/lib/python3.12/site-packages/airflow/example_dags/example_setup_teardown_taskflow.py
[2024-05-24T12:58:48.706+0000] {logging_mixin.py:188} INFO - [2024-05-24T12:58:48.706+0000] {dag.py:3096} INFO - Sync 1 DAGs
[2024-05-24T12:58:48.729+0000] {logging_mixin.py:188} INFO - [2024-05-24T12:58:48.729+0000] {dag.py:3954} INFO - Setting next_dagrun for example_setup_teardown_taskflow to 2024-05-23 00:00:00+00:00, run_after=2024-05-24 00:00:00+00:00
[2024-05-24T12:58:48.750+0000] {processor.py:183} INFO - Processing /home/airflow/.local/lib/python3.12/site-packages/airflow/example_dags/example_setup_teardown_taskflow.py took 0.087 seconds
