[2024-05-24T12:56:04.294+0000] {processor.py:161} INFO - Started process (PID=57) to work on /home/airflow/.local/lib/python3.12/site-packages/airflow/example_dags/example_bash_operator.py
[2024-05-24T12:56:04.307+0000] {processor.py:830} INFO - Processing file /home/airflow/.local/lib/python3.12/site-packages/airflow/example_dags/example_bash_operator.py for tasks to queue
[2024-05-24T12:56:04.344+0000] {logging_mixin.py:188} INFO - [2024-05-24T12:56:04.341+0000] {dagbag.py:545} INFO - Filling up the DagBag from /home/airflow/.local/lib/python3.12/site-packages/airflow/example_dags/example_bash_operator.py
[2024-05-24T12:56:04.590+0000] {processor.py:840} INFO - DAG(s) 'example_bash_operator' retrieved from /home/airflow/.local/lib/python3.12/site-packages/airflow/example_dags/example_bash_operator.py
[2024-05-24T12:56:04.874+0000] {logging_mixin.py:188} INFO - [2024-05-24T12:56:04.874+0000] {dag.py:3096} INFO - Sync 1 DAGs
[2024-05-24T12:56:05.125+0000] {logging_mixin.py:188} INFO - [2024-05-24T12:56:05.124+0000] {dag.py:3954} INFO - Setting next_dagrun for example_bash_operator to 2024-05-23 00:00:00+00:00, run_after=2024-05-24 00:00:00+00:00
[2024-05-24T12:56:05.208+0000] {processor.py:183} INFO - Processing /home/airflow/.local/lib/python3.12/site-packages/airflow/example_dags/example_bash_operator.py took 0.944 seconds
[2024-05-24T12:56:36.105+0000] {processor.py:161} INFO - Started process (PID=115) to work on /home/airflow/.local/lib/python3.12/site-packages/airflow/example_dags/example_bash_operator.py
[2024-05-24T12:56:36.106+0000] {processor.py:830} INFO - Processing file /home/airflow/.local/lib/python3.12/site-packages/airflow/example_dags/example_bash_operator.py for tasks to queue
[2024-05-24T12:56:36.109+0000] {logging_mixin.py:188} INFO - [2024-05-24T12:56:36.109+0000] {dagbag.py:545} INFO - Filling up the DagBag from /home/airflow/.local/lib/python3.12/site-packages/airflow/example_dags/example_bash_operator.py
[2024-05-24T12:56:36.119+0000] {processor.py:840} INFO - DAG(s) 'example_bash_operator' retrieved from /home/airflow/.local/lib/python3.12/site-packages/airflow/example_dags/example_bash_operator.py
[2024-05-24T12:56:36.148+0000] {logging_mixin.py:188} INFO - [2024-05-24T12:56:36.147+0000] {dag.py:3096} INFO - Sync 1 DAGs
[2024-05-24T12:56:36.170+0000] {logging_mixin.py:188} INFO - [2024-05-24T12:56:36.170+0000] {dag.py:3954} INFO - Setting next_dagrun for example_bash_operator to 2024-05-23 00:00:00+00:00, run_after=2024-05-24 00:00:00+00:00
[2024-05-24T12:56:36.209+0000] {processor.py:183} INFO - Processing /home/airflow/.local/lib/python3.12/site-packages/airflow/example_dags/example_bash_operator.py took 0.109 seconds
[2024-05-24T12:57:06.557+0000] {processor.py:161} INFO - Started process (PID=173) to work on /home/airflow/.local/lib/python3.12/site-packages/airflow/example_dags/example_bash_operator.py
[2024-05-24T12:57:06.558+0000] {processor.py:830} INFO - Processing file /home/airflow/.local/lib/python3.12/site-packages/airflow/example_dags/example_bash_operator.py for tasks to queue
[2024-05-24T12:57:06.560+0000] {logging_mixin.py:188} INFO - [2024-05-24T12:57:06.560+0000] {dagbag.py:545} INFO - Filling up the DagBag from /home/airflow/.local/lib/python3.12/site-packages/airflow/example_dags/example_bash_operator.py
[2024-05-24T12:57:06.571+0000] {processor.py:840} INFO - DAG(s) 'example_bash_operator' retrieved from /home/airflow/.local/lib/python3.12/site-packages/airflow/example_dags/example_bash_operator.py
[2024-05-24T12:57:06.599+0000] {logging_mixin.py:188} INFO - [2024-05-24T12:57:06.599+0000] {dag.py:3096} INFO - Sync 1 DAGs
[2024-05-24T12:57:06.625+0000] {logging_mixin.py:188} INFO - [2024-05-24T12:57:06.625+0000] {dag.py:3954} INFO - Setting next_dagrun for example_bash_operator to 2024-05-23 00:00:00+00:00, run_after=2024-05-24 00:00:00+00:00
[2024-05-24T12:57:06.648+0000] {processor.py:183} INFO - Processing /home/airflow/.local/lib/python3.12/site-packages/airflow/example_dags/example_bash_operator.py took 0.098 seconds
[2024-05-24T12:57:37.030+0000] {processor.py:161} INFO - Started process (PID=231) to work on /home/airflow/.local/lib/python3.12/site-packages/airflow/example_dags/example_bash_operator.py
[2024-05-24T12:57:37.031+0000] {processor.py:830} INFO - Processing file /home/airflow/.local/lib/python3.12/site-packages/airflow/example_dags/example_bash_operator.py for tasks to queue
[2024-05-24T12:57:37.034+0000] {logging_mixin.py:188} INFO - [2024-05-24T12:57:37.033+0000] {dagbag.py:545} INFO - Filling up the DagBag from /home/airflow/.local/lib/python3.12/site-packages/airflow/example_dags/example_bash_operator.py
[2024-05-24T12:57:37.044+0000] {processor.py:840} INFO - DAG(s) 'example_bash_operator' retrieved from /home/airflow/.local/lib/python3.12/site-packages/airflow/example_dags/example_bash_operator.py
[2024-05-24T12:57:37.073+0000] {logging_mixin.py:188} INFO - [2024-05-24T12:57:37.073+0000] {dag.py:3096} INFO - Sync 1 DAGs
[2024-05-24T12:57:37.095+0000] {logging_mixin.py:188} INFO - [2024-05-24T12:57:37.095+0000] {dag.py:3954} INFO - Setting next_dagrun for example_bash_operator to 2024-05-23 00:00:00+00:00, run_after=2024-05-24 00:00:00+00:00
[2024-05-24T12:57:37.118+0000] {processor.py:183} INFO - Processing /home/airflow/.local/lib/python3.12/site-packages/airflow/example_dags/example_bash_operator.py took 0.093 seconds
[2024-05-24T12:58:07.289+0000] {processor.py:161} INFO - Started process (PID=289) to work on /home/airflow/.local/lib/python3.12/site-packages/airflow/example_dags/example_bash_operator.py
[2024-05-24T12:58:07.290+0000] {processor.py:830} INFO - Processing file /home/airflow/.local/lib/python3.12/site-packages/airflow/example_dags/example_bash_operator.py for tasks to queue
[2024-05-24T12:58:07.293+0000] {logging_mixin.py:188} INFO - [2024-05-24T12:58:07.293+0000] {dagbag.py:545} INFO - Filling up the DagBag from /home/airflow/.local/lib/python3.12/site-packages/airflow/example_dags/example_bash_operator.py
[2024-05-24T12:58:07.306+0000] {processor.py:840} INFO - DAG(s) 'example_bash_operator' retrieved from /home/airflow/.local/lib/python3.12/site-packages/airflow/example_dags/example_bash_operator.py
[2024-05-24T12:58:07.344+0000] {logging_mixin.py:188} INFO - [2024-05-24T12:58:07.344+0000] {dag.py:3096} INFO - Sync 1 DAGs
[2024-05-24T12:58:07.371+0000] {logging_mixin.py:188} INFO - [2024-05-24T12:58:07.370+0000] {dag.py:3954} INFO - Setting next_dagrun for example_bash_operator to 2024-05-23 00:00:00+00:00, run_after=2024-05-24 00:00:00+00:00
[2024-05-24T12:58:07.393+0000] {processor.py:183} INFO - Processing /home/airflow/.local/lib/python3.12/site-packages/airflow/example_dags/example_bash_operator.py took 0.112 seconds
[2024-05-24T12:58:37.552+0000] {processor.py:161} INFO - Started process (PID=347) to work on /home/airflow/.local/lib/python3.12/site-packages/airflow/example_dags/example_bash_operator.py
[2024-05-24T12:58:37.553+0000] {processor.py:830} INFO - Processing file /home/airflow/.local/lib/python3.12/site-packages/airflow/example_dags/example_bash_operator.py for tasks to queue
[2024-05-24T12:58:37.555+0000] {logging_mixin.py:188} INFO - [2024-05-24T12:58:37.555+0000] {dagbag.py:545} INFO - Filling up the DagBag from /home/airflow/.local/lib/python3.12/site-packages/airflow/example_dags/example_bash_operator.py
[2024-05-24T12:58:37.566+0000] {processor.py:840} INFO - DAG(s) 'example_bash_operator' retrieved from /home/airflow/.local/lib/python3.12/site-packages/airflow/example_dags/example_bash_operator.py
[2024-05-24T12:58:37.594+0000] {logging_mixin.py:188} INFO - [2024-05-24T12:58:37.594+0000] {dag.py:3096} INFO - Sync 1 DAGs
[2024-05-24T12:58:37.615+0000] {logging_mixin.py:188} INFO - [2024-05-24T12:58:37.615+0000] {dag.py:3954} INFO - Setting next_dagrun for example_bash_operator to 2024-05-23 00:00:00+00:00, run_after=2024-05-24 00:00:00+00:00
[2024-05-24T12:58:37.638+0000] {processor.py:183} INFO - Processing /home/airflow/.local/lib/python3.12/site-packages/airflow/example_dags/example_bash_operator.py took 0.092 seconds
