[2024-05-24T12:56:06.612+0000] {processor.py:161} INFO - Started process (PID=63) to work on /home/airflow/.local/lib/python3.12/site-packages/airflow/example_dags/example_datasets.py
[2024-05-24T12:56:06.615+0000] {processor.py:830} INFO - Processing file /home/airflow/.local/lib/python3.12/site-packages/airflow/example_dags/example_datasets.py for tasks to queue
[2024-05-24T12:56:06.628+0000] {logging_mixin.py:188} INFO - [2024-05-24T12:56:06.626+0000] {dagbag.py:545} INFO - Filling up the DagBag from /home/airflow/.local/lib/python3.12/site-packages/airflow/example_dags/example_datasets.py
[2024-05-24T12:56:06.679+0000] {processor.py:840} INFO - DAG(s) 'dataset_consumes_1', 'dataset_produces_1', 'conditional_dataset_and_time_based_timetable', 'dataset_produces_2', 'dataset_consumes_1_never_scheduled', 'consume_1_and_2_with_dataset_expressions', 'dataset_consumes_1_and_2', 'consume_1_or_2_with_dataset_expressions', 'dataset_consumes_unknown_never_scheduled', 'consume_1_or_both_2_and_3_with_dataset_expressions' retrieved from /home/airflow/.local/lib/python3.12/site-packages/airflow/example_dags/example_datasets.py
[2024-05-24T12:56:06.803+0000] {logging_mixin.py:188} INFO - [2024-05-24T12:56:06.802+0000] {dag.py:3096} INFO - Sync 10 DAGs
[2024-05-24T12:56:06.880+0000] {logging_mixin.py:188} INFO - [2024-05-24T12:56:06.879+0000] {dag.py:3954} INFO - Setting next_dagrun for conditional_dataset_and_time_based_timetable to 2024-05-22 01:00:00+00:00, run_after=2024-05-22 01:00:00+00:00
[2024-05-24T12:56:06.892+0000] {logging_mixin.py:188} INFO - [2024-05-24T12:56:06.891+0000] {dag.py:3954} INFO - Setting next_dagrun for consume_1_and_2_with_dataset_expressions to None, run_after=None
[2024-05-24T12:56:06.894+0000] {logging_mixin.py:188} INFO - [2024-05-24T12:56:06.894+0000] {dag.py:3954} INFO - Setting next_dagrun for consume_1_or_2_with_dataset_expressions to None, run_after=None
[2024-05-24T12:56:06.896+0000] {logging_mixin.py:188} INFO - [2024-05-24T12:56:06.896+0000] {dag.py:3954} INFO - Setting next_dagrun for consume_1_or_both_2_and_3_with_dataset_expressions to None, run_after=None
[2024-05-24T12:56:06.898+0000] {logging_mixin.py:188} INFO - [2024-05-24T12:56:06.898+0000] {dag.py:3954} INFO - Setting next_dagrun for dataset_consumes_1 to None, run_after=None
[2024-05-24T12:56:06.900+0000] {logging_mixin.py:188} INFO - [2024-05-24T12:56:06.900+0000] {dag.py:3954} INFO - Setting next_dagrun for dataset_consumes_1_and_2 to None, run_after=None
[2024-05-24T12:56:06.903+0000] {logging_mixin.py:188} INFO - [2024-05-24T12:56:06.903+0000] {dag.py:3954} INFO - Setting next_dagrun for dataset_consumes_1_never_scheduled to None, run_after=None
[2024-05-24T12:56:06.906+0000] {logging_mixin.py:188} INFO - [2024-05-24T12:56:06.906+0000] {dag.py:3954} INFO - Setting next_dagrun for dataset_consumes_unknown_never_scheduled to None, run_after=None
[2024-05-24T12:56:06.912+0000] {logging_mixin.py:188} INFO - [2024-05-24T12:56:06.911+0000] {dag.py:3954} INFO - Setting next_dagrun for dataset_produces_1 to 2024-05-23 00:00:00+00:00, run_after=2024-05-24 00:00:00+00:00
[2024-05-24T12:56:06.915+0000] {logging_mixin.py:188} INFO - [2024-05-24T12:56:06.914+0000] {dag.py:3954} INFO - Setting next_dagrun for dataset_produces_2 to None, run_after=None
[2024-05-24T12:56:06.998+0000] {processor.py:183} INFO - Processing /home/airflow/.local/lib/python3.12/site-packages/airflow/example_dags/example_datasets.py took 0.433 seconds
[2024-05-24T12:56:37.376+0000] {processor.py:161} INFO - Started process (PID=121) to work on /home/airflow/.local/lib/python3.12/site-packages/airflow/example_dags/example_datasets.py
[2024-05-24T12:56:37.377+0000] {processor.py:830} INFO - Processing file /home/airflow/.local/lib/python3.12/site-packages/airflow/example_dags/example_datasets.py for tasks to queue
[2024-05-24T12:56:37.380+0000] {logging_mixin.py:188} INFO - [2024-05-24T12:56:37.379+0000] {dagbag.py:545} INFO - Filling up the DagBag from /home/airflow/.local/lib/python3.12/site-packages/airflow/example_dags/example_datasets.py
[2024-05-24T12:56:37.394+0000] {processor.py:840} INFO - DAG(s) 'consume_1_or_2_with_dataset_expressions', 'dataset_consumes_1_and_2', 'dataset_consumes_unknown_never_scheduled', 'consume_1_and_2_with_dataset_expressions', 'dataset_produces_1', 'conditional_dataset_and_time_based_timetable', 'dataset_produces_2', 'dataset_consumes_1_never_scheduled', 'dataset_consumes_1', 'consume_1_or_both_2_and_3_with_dataset_expressions' retrieved from /home/airflow/.local/lib/python3.12/site-packages/airflow/example_dags/example_datasets.py
[2024-05-24T12:56:37.448+0000] {logging_mixin.py:188} INFO - [2024-05-24T12:56:37.448+0000] {dag.py:3096} INFO - Sync 10 DAGs
[2024-05-24T12:56:37.482+0000] {logging_mixin.py:188} INFO - [2024-05-24T12:56:37.481+0000] {dag.py:3954} INFO - Setting next_dagrun for conditional_dataset_and_time_based_timetable to 2024-05-22 01:00:00+00:00, run_after=2024-05-22 01:00:00+00:00
[2024-05-24T12:56:37.486+0000] {logging_mixin.py:188} INFO - [2024-05-24T12:56:37.486+0000] {dag.py:3954} INFO - Setting next_dagrun for consume_1_and_2_with_dataset_expressions to None, run_after=None
[2024-05-24T12:56:37.488+0000] {logging_mixin.py:188} INFO - [2024-05-24T12:56:37.488+0000] {dag.py:3954} INFO - Setting next_dagrun for consume_1_or_2_with_dataset_expressions to None, run_after=None
[2024-05-24T12:56:37.490+0000] {logging_mixin.py:188} INFO - [2024-05-24T12:56:37.490+0000] {dag.py:3954} INFO - Setting next_dagrun for consume_1_or_both_2_and_3_with_dataset_expressions to None, run_after=None
[2024-05-24T12:56:37.492+0000] {logging_mixin.py:188} INFO - [2024-05-24T12:56:37.492+0000] {dag.py:3954} INFO - Setting next_dagrun for dataset_consumes_1 to None, run_after=None
[2024-05-24T12:56:37.495+0000] {logging_mixin.py:188} INFO - [2024-05-24T12:56:37.495+0000] {dag.py:3954} INFO - Setting next_dagrun for dataset_consumes_1_and_2 to None, run_after=None
[2024-05-24T12:56:37.498+0000] {logging_mixin.py:188} INFO - [2024-05-24T12:56:37.497+0000] {dag.py:3954} INFO - Setting next_dagrun for dataset_consumes_1_never_scheduled to None, run_after=None
[2024-05-24T12:56:37.500+0000] {logging_mixin.py:188} INFO - [2024-05-24T12:56:37.500+0000] {dag.py:3954} INFO - Setting next_dagrun for dataset_consumes_unknown_never_scheduled to None, run_after=None
[2024-05-24T12:56:37.505+0000] {logging_mixin.py:188} INFO - [2024-05-24T12:56:37.504+0000] {dag.py:3954} INFO - Setting next_dagrun for dataset_produces_1 to 2024-05-23 00:00:00+00:00, run_after=2024-05-24 00:00:00+00:00
[2024-05-24T12:56:37.508+0000] {logging_mixin.py:188} INFO - [2024-05-24T12:56:37.508+0000] {dag.py:3954} INFO - Setting next_dagrun for dataset_produces_2 to None, run_after=None
[2024-05-24T12:56:37.549+0000] {processor.py:183} INFO - Processing /home/airflow/.local/lib/python3.12/site-packages/airflow/example_dags/example_datasets.py took 0.179 seconds
[2024-05-24T12:57:07.948+0000] {processor.py:161} INFO - Started process (PID=179) to work on /home/airflow/.local/lib/python3.12/site-packages/airflow/example_dags/example_datasets.py
[2024-05-24T12:57:07.951+0000] {processor.py:830} INFO - Processing file /home/airflow/.local/lib/python3.12/site-packages/airflow/example_dags/example_datasets.py for tasks to queue
[2024-05-24T12:57:07.958+0000] {logging_mixin.py:188} INFO - [2024-05-24T12:57:07.958+0000] {dagbag.py:545} INFO - Filling up the DagBag from /home/airflow/.local/lib/python3.12/site-packages/airflow/example_dags/example_datasets.py
[2024-05-24T12:57:07.978+0000] {processor.py:840} INFO - DAG(s) 'dataset_consumes_1', 'consume_1_and_2_with_dataset_expressions', 'consume_1_or_2_with_dataset_expressions', 'dataset_produces_1', 'dataset_consumes_unknown_never_scheduled', 'dataset_consumes_1_and_2', 'dataset_consumes_1_never_scheduled', 'dataset_produces_2', 'consume_1_or_both_2_and_3_with_dataset_expressions', 'conditional_dataset_and_time_based_timetable' retrieved from /home/airflow/.local/lib/python3.12/site-packages/airflow/example_dags/example_datasets.py
[2024-05-24T12:57:08.045+0000] {logging_mixin.py:188} INFO - [2024-05-24T12:57:08.045+0000] {dag.py:3096} INFO - Sync 10 DAGs
[2024-05-24T12:57:08.079+0000] {logging_mixin.py:188} INFO - [2024-05-24T12:57:08.079+0000] {dag.py:3954} INFO - Setting next_dagrun for conditional_dataset_and_time_based_timetable to 2024-05-22 01:00:00+00:00, run_after=2024-05-22 01:00:00+00:00
[2024-05-24T12:57:08.085+0000] {logging_mixin.py:188} INFO - [2024-05-24T12:57:08.084+0000] {dag.py:3954} INFO - Setting next_dagrun for consume_1_and_2_with_dataset_expressions to None, run_after=None
[2024-05-24T12:57:08.087+0000] {logging_mixin.py:188} INFO - [2024-05-24T12:57:08.086+0000] {dag.py:3954} INFO - Setting next_dagrun for consume_1_or_2_with_dataset_expressions to None, run_after=None
[2024-05-24T12:57:08.088+0000] {logging_mixin.py:188} INFO - [2024-05-24T12:57:08.088+0000] {dag.py:3954} INFO - Setting next_dagrun for consume_1_or_both_2_and_3_with_dataset_expressions to None, run_after=None
[2024-05-24T12:57:08.090+0000] {logging_mixin.py:188} INFO - [2024-05-24T12:57:08.090+0000] {dag.py:3954} INFO - Setting next_dagrun for dataset_consumes_1 to None, run_after=None
[2024-05-24T12:57:08.092+0000] {logging_mixin.py:188} INFO - [2024-05-24T12:57:08.092+0000] {dag.py:3954} INFO - Setting next_dagrun for dataset_consumes_1_and_2 to None, run_after=None
[2024-05-24T12:57:08.094+0000] {logging_mixin.py:188} INFO - [2024-05-24T12:57:08.094+0000] {dag.py:3954} INFO - Setting next_dagrun for dataset_consumes_1_never_scheduled to None, run_after=None
[2024-05-24T12:57:08.096+0000] {logging_mixin.py:188} INFO - [2024-05-24T12:57:08.096+0000] {dag.py:3954} INFO - Setting next_dagrun for dataset_consumes_unknown_never_scheduled to None, run_after=None
[2024-05-24T12:57:08.099+0000] {logging_mixin.py:188} INFO - [2024-05-24T12:57:08.099+0000] {dag.py:3954} INFO - Setting next_dagrun for dataset_produces_1 to 2024-05-23 00:00:00+00:00, run_after=2024-05-24 00:00:00+00:00
[2024-05-24T12:57:08.101+0000] {logging_mixin.py:188} INFO - [2024-05-24T12:57:08.101+0000] {dag.py:3954} INFO - Setting next_dagrun for dataset_produces_2 to None, run_after=None
[2024-05-24T12:57:08.148+0000] {processor.py:183} INFO - Processing /home/airflow/.local/lib/python3.12/site-packages/airflow/example_dags/example_datasets.py took 0.206 seconds
[2024-05-24T12:57:38.289+0000] {processor.py:161} INFO - Started process (PID=237) to work on /home/airflow/.local/lib/python3.12/site-packages/airflow/example_dags/example_datasets.py
[2024-05-24T12:57:38.290+0000] {processor.py:830} INFO - Processing file /home/airflow/.local/lib/python3.12/site-packages/airflow/example_dags/example_datasets.py for tasks to queue
[2024-05-24T12:57:38.292+0000] {logging_mixin.py:188} INFO - [2024-05-24T12:57:38.292+0000] {dagbag.py:545} INFO - Filling up the DagBag from /home/airflow/.local/lib/python3.12/site-packages/airflow/example_dags/example_datasets.py
[2024-05-24T12:57:38.308+0000] {processor.py:840} INFO - DAG(s) 'conditional_dataset_and_time_based_timetable', 'dataset_produces_2', 'dataset_produces_1', 'consume_1_and_2_with_dataset_expressions', 'dataset_consumes_1', 'dataset_consumes_1_never_scheduled', 'consume_1_or_both_2_and_3_with_dataset_expressions', 'dataset_consumes_unknown_never_scheduled', 'dataset_consumes_1_and_2', 'consume_1_or_2_with_dataset_expressions' retrieved from /home/airflow/.local/lib/python3.12/site-packages/airflow/example_dags/example_datasets.py
[2024-05-24T12:57:38.362+0000] {logging_mixin.py:188} INFO - [2024-05-24T12:57:38.361+0000] {dag.py:3096} INFO - Sync 10 DAGs
[2024-05-24T12:57:38.388+0000] {logging_mixin.py:188} INFO - [2024-05-24T12:57:38.388+0000] {dag.py:3954} INFO - Setting next_dagrun for conditional_dataset_and_time_based_timetable to 2024-05-22 01:00:00+00:00, run_after=2024-05-22 01:00:00+00:00
[2024-05-24T12:57:38.393+0000] {logging_mixin.py:188} INFO - [2024-05-24T12:57:38.393+0000] {dag.py:3954} INFO - Setting next_dagrun for consume_1_and_2_with_dataset_expressions to None, run_after=None
[2024-05-24T12:57:38.395+0000] {logging_mixin.py:188} INFO - [2024-05-24T12:57:38.395+0000] {dag.py:3954} INFO - Setting next_dagrun for consume_1_or_2_with_dataset_expressions to None, run_after=None
[2024-05-24T12:57:38.397+0000] {logging_mixin.py:188} INFO - [2024-05-24T12:57:38.397+0000] {dag.py:3954} INFO - Setting next_dagrun for consume_1_or_both_2_and_3_with_dataset_expressions to None, run_after=None
[2024-05-24T12:57:38.399+0000] {logging_mixin.py:188} INFO - [2024-05-24T12:57:38.399+0000] {dag.py:3954} INFO - Setting next_dagrun for dataset_consumes_1 to None, run_after=None
[2024-05-24T12:57:38.401+0000] {logging_mixin.py:188} INFO - [2024-05-24T12:57:38.401+0000] {dag.py:3954} INFO - Setting next_dagrun for dataset_consumes_1_and_2 to None, run_after=None
[2024-05-24T12:57:38.403+0000] {logging_mixin.py:188} INFO - [2024-05-24T12:57:38.403+0000] {dag.py:3954} INFO - Setting next_dagrun for dataset_consumes_1_never_scheduled to None, run_after=None
[2024-05-24T12:57:38.405+0000] {logging_mixin.py:188} INFO - [2024-05-24T12:57:38.405+0000] {dag.py:3954} INFO - Setting next_dagrun for dataset_consumes_unknown_never_scheduled to None, run_after=None
[2024-05-24T12:57:38.408+0000] {logging_mixin.py:188} INFO - [2024-05-24T12:57:38.408+0000] {dag.py:3954} INFO - Setting next_dagrun for dataset_produces_1 to 2024-05-23 00:00:00+00:00, run_after=2024-05-24 00:00:00+00:00
[2024-05-24T12:57:38.410+0000] {logging_mixin.py:188} INFO - [2024-05-24T12:57:38.410+0000] {dag.py:3954} INFO - Setting next_dagrun for dataset_produces_2 to None, run_after=None
[2024-05-24T12:57:38.447+0000] {processor.py:183} INFO - Processing /home/airflow/.local/lib/python3.12/site-packages/airflow/example_dags/example_datasets.py took 0.165 seconds
[2024-05-24T12:58:08.587+0000] {processor.py:161} INFO - Started process (PID=295) to work on /home/airflow/.local/lib/python3.12/site-packages/airflow/example_dags/example_datasets.py
[2024-05-24T12:58:08.588+0000] {processor.py:830} INFO - Processing file /home/airflow/.local/lib/python3.12/site-packages/airflow/example_dags/example_datasets.py for tasks to queue
[2024-05-24T12:58:08.590+0000] {logging_mixin.py:188} INFO - [2024-05-24T12:58:08.590+0000] {dagbag.py:545} INFO - Filling up the DagBag from /home/airflow/.local/lib/python3.12/site-packages/airflow/example_dags/example_datasets.py
[2024-05-24T12:58:08.603+0000] {processor.py:840} INFO - DAG(s) 'consume_1_and_2_with_dataset_expressions', 'conditional_dataset_and_time_based_timetable', 'consume_1_or_both_2_and_3_with_dataset_expressions', 'dataset_consumes_1_never_scheduled', 'dataset_consumes_1', 'dataset_consumes_1_and_2', 'dataset_produces_1', 'consume_1_or_2_with_dataset_expressions', 'dataset_consumes_unknown_never_scheduled', 'dataset_produces_2' retrieved from /home/airflow/.local/lib/python3.12/site-packages/airflow/example_dags/example_datasets.py
[2024-05-24T12:58:08.655+0000] {logging_mixin.py:188} INFO - [2024-05-24T12:58:08.655+0000] {dag.py:3096} INFO - Sync 10 DAGs
[2024-05-24T12:58:08.687+0000] {logging_mixin.py:188} INFO - [2024-05-24T12:58:08.687+0000] {dag.py:3954} INFO - Setting next_dagrun for conditional_dataset_and_time_based_timetable to 2024-05-22 01:00:00+00:00, run_after=2024-05-22 01:00:00+00:00
[2024-05-24T12:58:08.692+0000] {logging_mixin.py:188} INFO - [2024-05-24T12:58:08.691+0000] {dag.py:3954} INFO - Setting next_dagrun for consume_1_and_2_with_dataset_expressions to None, run_after=None
[2024-05-24T12:58:08.693+0000] {logging_mixin.py:188} INFO - [2024-05-24T12:58:08.693+0000] {dag.py:3954} INFO - Setting next_dagrun for consume_1_or_2_with_dataset_expressions to None, run_after=None
[2024-05-24T12:58:08.695+0000] {logging_mixin.py:188} INFO - [2024-05-24T12:58:08.695+0000] {dag.py:3954} INFO - Setting next_dagrun for consume_1_or_both_2_and_3_with_dataset_expressions to None, run_after=None
[2024-05-24T12:58:08.697+0000] {logging_mixin.py:188} INFO - [2024-05-24T12:58:08.697+0000] {dag.py:3954} INFO - Setting next_dagrun for dataset_consumes_1 to None, run_after=None
[2024-05-24T12:58:08.699+0000] {logging_mixin.py:188} INFO - [2024-05-24T12:58:08.699+0000] {dag.py:3954} INFO - Setting next_dagrun for dataset_consumes_1_and_2 to None, run_after=None
[2024-05-24T12:58:08.701+0000] {logging_mixin.py:188} INFO - [2024-05-24T12:58:08.700+0000] {dag.py:3954} INFO - Setting next_dagrun for dataset_consumes_1_never_scheduled to None, run_after=None
[2024-05-24T12:58:08.702+0000] {logging_mixin.py:188} INFO - [2024-05-24T12:58:08.702+0000] {dag.py:3954} INFO - Setting next_dagrun for dataset_consumes_unknown_never_scheduled to None, run_after=None
[2024-05-24T12:58:08.705+0000] {logging_mixin.py:188} INFO - [2024-05-24T12:58:08.705+0000] {dag.py:3954} INFO - Setting next_dagrun for dataset_produces_1 to 2024-05-23 00:00:00+00:00, run_after=2024-05-24 00:00:00+00:00
[2024-05-24T12:58:08.708+0000] {logging_mixin.py:188} INFO - [2024-05-24T12:58:08.708+0000] {dag.py:3954} INFO - Setting next_dagrun for dataset_produces_2 to None, run_after=None
[2024-05-24T12:58:08.752+0000] {processor.py:183} INFO - Processing /home/airflow/.local/lib/python3.12/site-packages/airflow/example_dags/example_datasets.py took 0.171 seconds
[2024-05-24T12:58:38.810+0000] {processor.py:161} INFO - Started process (PID=353) to work on /home/airflow/.local/lib/python3.12/site-packages/airflow/example_dags/example_datasets.py
[2024-05-24T12:58:38.812+0000] {processor.py:830} INFO - Processing file /home/airflow/.local/lib/python3.12/site-packages/airflow/example_dags/example_datasets.py for tasks to queue
[2024-05-24T12:58:38.814+0000] {logging_mixin.py:188} INFO - [2024-05-24T12:58:38.813+0000] {dagbag.py:545} INFO - Filling up the DagBag from /home/airflow/.local/lib/python3.12/site-packages/airflow/example_dags/example_datasets.py
[2024-05-24T12:58:38.827+0000] {processor.py:840} INFO - DAG(s) 'consume_1_and_2_with_dataset_expressions', 'dataset_consumes_1_and_2', 'dataset_produces_2', 'dataset_consumes_unknown_never_scheduled', 'dataset_produces_1', 'consume_1_or_2_with_dataset_expressions', 'dataset_consumes_1', 'dataset_consumes_1_never_scheduled', 'conditional_dataset_and_time_based_timetable', 'consume_1_or_both_2_and_3_with_dataset_expressions' retrieved from /home/airflow/.local/lib/python3.12/site-packages/airflow/example_dags/example_datasets.py
[2024-05-24T12:58:38.881+0000] {logging_mixin.py:188} INFO - [2024-05-24T12:58:38.881+0000] {dag.py:3096} INFO - Sync 10 DAGs
[2024-05-24T12:58:38.910+0000] {logging_mixin.py:188} INFO - [2024-05-24T12:58:38.909+0000] {dag.py:3954} INFO - Setting next_dagrun for conditional_dataset_and_time_based_timetable to 2024-05-22 01:00:00+00:00, run_after=2024-05-22 01:00:00+00:00
[2024-05-24T12:58:38.914+0000] {logging_mixin.py:188} INFO - [2024-05-24T12:58:38.914+0000] {dag.py:3954} INFO - Setting next_dagrun for consume_1_and_2_with_dataset_expressions to None, run_after=None
[2024-05-24T12:58:38.917+0000] {logging_mixin.py:188} INFO - [2024-05-24T12:58:38.916+0000] {dag.py:3954} INFO - Setting next_dagrun for consume_1_or_2_with_dataset_expressions to None, run_after=None
[2024-05-24T12:58:38.918+0000] {logging_mixin.py:188} INFO - [2024-05-24T12:58:38.918+0000] {dag.py:3954} INFO - Setting next_dagrun for consume_1_or_both_2_and_3_with_dataset_expressions to None, run_after=None
[2024-05-24T12:58:38.921+0000] {logging_mixin.py:188} INFO - [2024-05-24T12:58:38.920+0000] {dag.py:3954} INFO - Setting next_dagrun for dataset_consumes_1 to None, run_after=None
[2024-05-24T12:58:38.923+0000] {logging_mixin.py:188} INFO - [2024-05-24T12:58:38.922+0000] {dag.py:3954} INFO - Setting next_dagrun for dataset_consumes_1_and_2 to None, run_after=None
[2024-05-24T12:58:38.924+0000] {logging_mixin.py:188} INFO - [2024-05-24T12:58:38.924+0000] {dag.py:3954} INFO - Setting next_dagrun for dataset_consumes_1_never_scheduled to None, run_after=None
[2024-05-24T12:58:38.927+0000] {logging_mixin.py:188} INFO - [2024-05-24T12:58:38.926+0000] {dag.py:3954} INFO - Setting next_dagrun for dataset_consumes_unknown_never_scheduled to None, run_after=None
[2024-05-24T12:58:38.930+0000] {logging_mixin.py:188} INFO - [2024-05-24T12:58:38.929+0000] {dag.py:3954} INFO - Setting next_dagrun for dataset_produces_1 to 2024-05-23 00:00:00+00:00, run_after=2024-05-24 00:00:00+00:00
[2024-05-24T12:58:38.932+0000] {logging_mixin.py:188} INFO - [2024-05-24T12:58:38.931+0000] {dag.py:3954} INFO - Setting next_dagrun for dataset_produces_2 to None, run_after=None
[2024-05-24T12:58:38.970+0000] {processor.py:183} INFO - Processing /home/airflow/.local/lib/python3.12/site-packages/airflow/example_dags/example_datasets.py took 0.165 seconds
