[2024-05-24T12:56:09.644+0000] {processor.py:161} INFO - Started process (PID=75) to work on /home/airflow/.local/lib/python3.12/site-packages/airflow/example_dags/example_branch_operator.py
[2024-05-24T12:56:09.652+0000] {processor.py:830} INFO - Processing file /home/airflow/.local/lib/python3.12/site-packages/airflow/example_dags/example_branch_operator.py for tasks to queue
[2024-05-24T12:56:09.667+0000] {logging_mixin.py:188} INFO - [2024-05-24T12:56:09.666+0000] {dagbag.py:545} INFO - Filling up the DagBag from /home/airflow/.local/lib/python3.12/site-packages/airflow/example_dags/example_branch_operator.py
[2024-05-24T12:56:09.796+0000] {processor.py:840} INFO - DAG(s) 'example_branch_operator' retrieved from /home/airflow/.local/lib/python3.12/site-packages/airflow/example_dags/example_branch_operator.py
[2024-05-24T12:56:10.264+0000] {logging_mixin.py:188} INFO - [2024-05-24T12:56:10.263+0000] {dag.py:3096} INFO - Sync 1 DAGs
[2024-05-24T12:56:10.403+0000] {logging_mixin.py:188} INFO - [2024-05-24T12:56:10.401+0000] {dag.py:3954} INFO - Setting next_dagrun for example_branch_operator to 2024-05-23 00:00:00+00:00, run_after=2024-05-24 00:00:00+00:00
[2024-05-24T12:56:10.511+0000] {processor.py:183} INFO - Processing /home/airflow/.local/lib/python3.12/site-packages/airflow/example_dags/example_branch_operator.py took 0.922 seconds
[2024-05-24T12:56:41.032+0000] {processor.py:161} INFO - Started process (PID=133) to work on /home/airflow/.local/lib/python3.12/site-packages/airflow/example_dags/example_branch_operator.py
[2024-05-24T12:56:41.033+0000] {processor.py:830} INFO - Processing file /home/airflow/.local/lib/python3.12/site-packages/airflow/example_dags/example_branch_operator.py for tasks to queue
[2024-05-24T12:56:41.035+0000] {logging_mixin.py:188} INFO - [2024-05-24T12:56:41.034+0000] {dagbag.py:545} INFO - Filling up the DagBag from /home/airflow/.local/lib/python3.12/site-packages/airflow/example_dags/example_branch_operator.py
[2024-05-24T12:56:41.050+0000] {processor.py:840} INFO - DAG(s) 'example_branch_operator' retrieved from /home/airflow/.local/lib/python3.12/site-packages/airflow/example_dags/example_branch_operator.py
[2024-05-24T12:56:41.079+0000] {logging_mixin.py:188} INFO - [2024-05-24T12:56:41.078+0000] {dag.py:3096} INFO - Sync 1 DAGs
[2024-05-24T12:56:41.100+0000] {logging_mixin.py:188} INFO - [2024-05-24T12:56:41.100+0000] {dag.py:3954} INFO - Setting next_dagrun for example_branch_operator to 2024-05-23 00:00:00+00:00, run_after=2024-05-24 00:00:00+00:00
[2024-05-24T12:56:41.124+0000] {processor.py:183} INFO - Processing /home/airflow/.local/lib/python3.12/site-packages/airflow/example_dags/example_branch_operator.py took 0.098 seconds
[2024-05-24T12:57:11.688+0000] {processor.py:161} INFO - Started process (PID=191) to work on /home/airflow/.local/lib/python3.12/site-packages/airflow/example_dags/example_branch_operator.py
[2024-05-24T12:57:11.689+0000] {processor.py:830} INFO - Processing file /home/airflow/.local/lib/python3.12/site-packages/airflow/example_dags/example_branch_operator.py for tasks to queue
[2024-05-24T12:57:11.691+0000] {logging_mixin.py:188} INFO - [2024-05-24T12:57:11.691+0000] {dagbag.py:545} INFO - Filling up the DagBag from /home/airflow/.local/lib/python3.12/site-packages/airflow/example_dags/example_branch_operator.py
[2024-05-24T12:57:11.707+0000] {processor.py:840} INFO - DAG(s) 'example_branch_operator' retrieved from /home/airflow/.local/lib/python3.12/site-packages/airflow/example_dags/example_branch_operator.py
[2024-05-24T12:57:11.741+0000] {logging_mixin.py:188} INFO - [2024-05-24T12:57:11.741+0000] {dag.py:3096} INFO - Sync 1 DAGs
[2024-05-24T12:57:11.767+0000] {logging_mixin.py:188} INFO - [2024-05-24T12:57:11.767+0000] {dag.py:3954} INFO - Setting next_dagrun for example_branch_operator to 2024-05-23 00:00:00+00:00, run_after=2024-05-24 00:00:00+00:00
[2024-05-24T12:57:11.795+0000] {processor.py:183} INFO - Processing /home/airflow/.local/lib/python3.12/site-packages/airflow/example_dags/example_branch_operator.py took 0.113 seconds
[2024-05-24T12:57:41.992+0000] {processor.py:161} INFO - Started process (PID=249) to work on /home/airflow/.local/lib/python3.12/site-packages/airflow/example_dags/example_branch_operator.py
[2024-05-24T12:57:41.993+0000] {processor.py:830} INFO - Processing file /home/airflow/.local/lib/python3.12/site-packages/airflow/example_dags/example_branch_operator.py for tasks to queue
[2024-05-24T12:57:41.995+0000] {logging_mixin.py:188} INFO - [2024-05-24T12:57:41.995+0000] {dagbag.py:545} INFO - Filling up the DagBag from /home/airflow/.local/lib/python3.12/site-packages/airflow/example_dags/example_branch_operator.py
[2024-05-24T12:57:42.013+0000] {processor.py:840} INFO - DAG(s) 'example_branch_operator' retrieved from /home/airflow/.local/lib/python3.12/site-packages/airflow/example_dags/example_branch_operator.py
[2024-05-24T12:57:42.042+0000] {logging_mixin.py:188} INFO - [2024-05-24T12:57:42.041+0000] {dag.py:3096} INFO - Sync 1 DAGs
[2024-05-24T12:57:42.065+0000] {logging_mixin.py:188} INFO - [2024-05-24T12:57:42.065+0000] {dag.py:3954} INFO - Setting next_dagrun for example_branch_operator to 2024-05-23 00:00:00+00:00, run_after=2024-05-24 00:00:00+00:00
[2024-05-24T12:57:42.089+0000] {processor.py:183} INFO - Processing /home/airflow/.local/lib/python3.12/site-packages/airflow/example_dags/example_branch_operator.py took 0.103 seconds
[2024-05-24T12:58:12.931+0000] {processor.py:161} INFO - Started process (PID=307) to work on /home/airflow/.local/lib/python3.12/site-packages/airflow/example_dags/example_branch_operator.py
[2024-05-24T12:58:12.932+0000] {processor.py:830} INFO - Processing file /home/airflow/.local/lib/python3.12/site-packages/airflow/example_dags/example_branch_operator.py for tasks to queue
[2024-05-24T12:58:12.934+0000] {logging_mixin.py:188} INFO - [2024-05-24T12:58:12.934+0000] {dagbag.py:545} INFO - Filling up the DagBag from /home/airflow/.local/lib/python3.12/site-packages/airflow/example_dags/example_branch_operator.py
[2024-05-24T12:58:12.949+0000] {processor.py:840} INFO - DAG(s) 'example_branch_operator' retrieved from /home/airflow/.local/lib/python3.12/site-packages/airflow/example_dags/example_branch_operator.py
[2024-05-24T12:58:12.979+0000] {logging_mixin.py:188} INFO - [2024-05-24T12:58:12.978+0000] {dag.py:3096} INFO - Sync 1 DAGs
[2024-05-24T12:58:13.001+0000] {logging_mixin.py:188} INFO - [2024-05-24T12:58:13.001+0000] {dag.py:3954} INFO - Setting next_dagrun for example_branch_operator to 2024-05-23 00:00:00+00:00, run_after=2024-05-24 00:00:00+00:00
[2024-05-24T12:58:13.026+0000] {processor.py:183} INFO - Processing /home/airflow/.local/lib/python3.12/site-packages/airflow/example_dags/example_branch_operator.py took 0.101 seconds
[2024-05-24T12:58:43.513+0000] {processor.py:161} INFO - Started process (PID=365) to work on /home/airflow/.local/lib/python3.12/site-packages/airflow/example_dags/example_branch_operator.py
[2024-05-24T12:58:43.515+0000] {processor.py:830} INFO - Processing file /home/airflow/.local/lib/python3.12/site-packages/airflow/example_dags/example_branch_operator.py for tasks to queue
[2024-05-24T12:58:43.518+0000] {logging_mixin.py:188} INFO - [2024-05-24T12:58:43.518+0000] {dagbag.py:545} INFO - Filling up the DagBag from /home/airflow/.local/lib/python3.12/site-packages/airflow/example_dags/example_branch_operator.py
[2024-05-24T12:58:43.540+0000] {processor.py:840} INFO - DAG(s) 'example_branch_operator' retrieved from /home/airflow/.local/lib/python3.12/site-packages/airflow/example_dags/example_branch_operator.py
[2024-05-24T12:58:43.571+0000] {logging_mixin.py:188} INFO - [2024-05-24T12:58:43.571+0000] {dag.py:3096} INFO - Sync 1 DAGs
[2024-05-24T12:58:43.594+0000] {logging_mixin.py:188} INFO - [2024-05-24T12:58:43.593+0000] {dag.py:3954} INFO - Setting next_dagrun for example_branch_operator to 2024-05-23 00:00:00+00:00, run_after=2024-05-24 00:00:00+00:00
[2024-05-24T12:58:43.617+0000] {processor.py:183} INFO - Processing /home/airflow/.local/lib/python3.12/site-packages/airflow/example_dags/example_branch_operator.py took 0.112 seconds
