[2024-05-24T12:56:14.326+0000] {processor.py:161} INFO - Started process (PID=90) to work on /home/airflow/.local/lib/python3.12/site-packages/airflow/example_dags/example_complex.py
[2024-05-24T12:56:14.328+0000] {processor.py:830} INFO - Processing file /home/airflow/.local/lib/python3.12/site-packages/airflow/example_dags/example_complex.py for tasks to queue
[2024-05-24T12:56:14.345+0000] {logging_mixin.py:188} INFO - [2024-05-24T12:56:14.343+0000] {dagbag.py:545} INFO - Filling up the DagBag from /home/airflow/.local/lib/python3.12/site-packages/airflow/example_dags/example_complex.py
[2024-05-24T12:56:14.375+0000] {processor.py:840} INFO - DAG(s) 'example_complex' retrieved from /home/airflow/.local/lib/python3.12/site-packages/airflow/example_dags/example_complex.py
[2024-05-24T12:56:14.435+0000] {logging_mixin.py:188} INFO - [2024-05-24T12:56:14.435+0000] {dag.py:3096} INFO - Sync 1 DAGs
[2024-05-24T12:56:14.532+0000] {logging_mixin.py:188} INFO - [2024-05-24T12:56:14.531+0000] {dag.py:3954} INFO - Setting next_dagrun for example_complex to None, run_after=None
[2024-05-24T12:56:14.608+0000] {processor.py:183} INFO - Processing /home/airflow/.local/lib/python3.12/site-packages/airflow/example_dags/example_complex.py took 0.293 seconds
[2024-05-24T12:56:44.911+0000] {processor.py:161} INFO - Started process (PID=148) to work on /home/airflow/.local/lib/python3.12/site-packages/airflow/example_dags/example_complex.py
[2024-05-24T12:56:44.912+0000] {processor.py:830} INFO - Processing file /home/airflow/.local/lib/python3.12/site-packages/airflow/example_dags/example_complex.py for tasks to queue
[2024-05-24T12:56:44.914+0000] {logging_mixin.py:188} INFO - [2024-05-24T12:56:44.914+0000] {dagbag.py:545} INFO - Filling up the DagBag from /home/airflow/.local/lib/python3.12/site-packages/airflow/example_dags/example_complex.py
[2024-05-24T12:56:44.926+0000] {processor.py:840} INFO - DAG(s) 'example_complex' retrieved from /home/airflow/.local/lib/python3.12/site-packages/airflow/example_dags/example_complex.py
[2024-05-24T12:56:44.957+0000] {logging_mixin.py:188} INFO - [2024-05-24T12:56:44.957+0000] {dag.py:3096} INFO - Sync 1 DAGs
[2024-05-24T12:56:44.970+0000] {logging_mixin.py:188} INFO - [2024-05-24T12:56:44.970+0000] {dag.py:3954} INFO - Setting next_dagrun for example_complex to None, run_after=None
[2024-05-24T12:56:44.997+0000] {processor.py:183} INFO - Processing /home/airflow/.local/lib/python3.12/site-packages/airflow/example_dags/example_complex.py took 0.092 seconds
[2024-05-24T12:57:15.587+0000] {processor.py:161} INFO - Started process (PID=206) to work on /home/airflow/.local/lib/python3.12/site-packages/airflow/example_dags/example_complex.py
[2024-05-24T12:57:15.588+0000] {processor.py:830} INFO - Processing file /home/airflow/.local/lib/python3.12/site-packages/airflow/example_dags/example_complex.py for tasks to queue
[2024-05-24T12:57:15.590+0000] {logging_mixin.py:188} INFO - [2024-05-24T12:57:15.590+0000] {dagbag.py:545} INFO - Filling up the DagBag from /home/airflow/.local/lib/python3.12/site-packages/airflow/example_dags/example_complex.py
[2024-05-24T12:57:15.600+0000] {processor.py:840} INFO - DAG(s) 'example_complex' retrieved from /home/airflow/.local/lib/python3.12/site-packages/airflow/example_dags/example_complex.py
[2024-05-24T12:57:15.631+0000] {logging_mixin.py:188} INFO - [2024-05-24T12:57:15.631+0000] {dag.py:3096} INFO - Sync 1 DAGs
[2024-05-24T12:57:15.644+0000] {logging_mixin.py:188} INFO - [2024-05-24T12:57:15.644+0000] {dag.py:3954} INFO - Setting next_dagrun for example_complex to None, run_after=None
[2024-05-24T12:57:15.672+0000] {processor.py:183} INFO - Processing /home/airflow/.local/lib/python3.12/site-packages/airflow/example_dags/example_complex.py took 0.090 seconds
[2024-05-24T12:57:45.890+0000] {processor.py:161} INFO - Started process (PID=264) to work on /home/airflow/.local/lib/python3.12/site-packages/airflow/example_dags/example_complex.py
[2024-05-24T12:57:45.891+0000] {processor.py:830} INFO - Processing file /home/airflow/.local/lib/python3.12/site-packages/airflow/example_dags/example_complex.py for tasks to queue
[2024-05-24T12:57:45.893+0000] {logging_mixin.py:188} INFO - [2024-05-24T12:57:45.893+0000] {dagbag.py:545} INFO - Filling up the DagBag from /home/airflow/.local/lib/python3.12/site-packages/airflow/example_dags/example_complex.py
[2024-05-24T12:57:45.902+0000] {processor.py:840} INFO - DAG(s) 'example_complex' retrieved from /home/airflow/.local/lib/python3.12/site-packages/airflow/example_dags/example_complex.py
[2024-05-24T12:57:45.935+0000] {logging_mixin.py:188} INFO - [2024-05-24T12:57:45.935+0000] {dag.py:3096} INFO - Sync 1 DAGs
[2024-05-24T12:57:45.948+0000] {logging_mixin.py:188} INFO - [2024-05-24T12:57:45.948+0000] {dag.py:3954} INFO - Setting next_dagrun for example_complex to None, run_after=None
[2024-05-24T12:57:45.974+0000] {processor.py:183} INFO - Processing /home/airflow/.local/lib/python3.12/site-packages/airflow/example_dags/example_complex.py took 0.090 seconds
[2024-05-24T12:58:16.814+0000] {processor.py:161} INFO - Started process (PID=322) to work on /home/airflow/.local/lib/python3.12/site-packages/airflow/example_dags/example_complex.py
[2024-05-24T12:58:16.816+0000] {processor.py:830} INFO - Processing file /home/airflow/.local/lib/python3.12/site-packages/airflow/example_dags/example_complex.py for tasks to queue
[2024-05-24T12:58:16.818+0000] {logging_mixin.py:188} INFO - [2024-05-24T12:58:16.817+0000] {dagbag.py:545} INFO - Filling up the DagBag from /home/airflow/.local/lib/python3.12/site-packages/airflow/example_dags/example_complex.py
[2024-05-24T12:58:16.828+0000] {processor.py:840} INFO - DAG(s) 'example_complex' retrieved from /home/airflow/.local/lib/python3.12/site-packages/airflow/example_dags/example_complex.py
[2024-05-24T12:58:16.863+0000] {logging_mixin.py:188} INFO - [2024-05-24T12:58:16.862+0000] {dag.py:3096} INFO - Sync 1 DAGs
[2024-05-24T12:58:16.876+0000] {logging_mixin.py:188} INFO - [2024-05-24T12:58:16.876+0000] {dag.py:3954} INFO - Setting next_dagrun for example_complex to None, run_after=None
[2024-05-24T12:58:16.903+0000] {processor.py:183} INFO - Processing /home/airflow/.local/lib/python3.12/site-packages/airflow/example_dags/example_complex.py took 0.095 seconds
[2024-05-24T12:58:47.435+0000] {processor.py:161} INFO - Started process (PID=380) to work on /home/airflow/.local/lib/python3.12/site-packages/airflow/example_dags/example_complex.py
[2024-05-24T12:58:47.436+0000] {processor.py:830} INFO - Processing file /home/airflow/.local/lib/python3.12/site-packages/airflow/example_dags/example_complex.py for tasks to queue
[2024-05-24T12:58:47.438+0000] {logging_mixin.py:188} INFO - [2024-05-24T12:58:47.438+0000] {dagbag.py:545} INFO - Filling up the DagBag from /home/airflow/.local/lib/python3.12/site-packages/airflow/example_dags/example_complex.py
[2024-05-24T12:58:47.448+0000] {processor.py:840} INFO - DAG(s) 'example_complex' retrieved from /home/airflow/.local/lib/python3.12/site-packages/airflow/example_dags/example_complex.py
[2024-05-24T12:58:47.480+0000] {logging_mixin.py:188} INFO - [2024-05-24T12:58:47.480+0000] {dag.py:3096} INFO - Sync 1 DAGs
[2024-05-24T12:58:47.493+0000] {logging_mixin.py:188} INFO - [2024-05-24T12:58:47.493+0000] {dag.py:3954} INFO - Setting next_dagrun for example_complex to None, run_after=None
[2024-05-24T12:58:47.516+0000] {processor.py:183} INFO - Processing /home/airflow/.local/lib/python3.12/site-packages/airflow/example_dags/example_complex.py took 0.087 seconds
