[2024-05-24T12:56:06.516+0000] {processor.py:161} INFO - Started process (PID=62) to work on /home/airflow/.local/lib/python3.12/site-packages/airflow/example_dags/example_sla_dag.py
[2024-05-24T12:56:06.522+0000] {processor.py:830} INFO - Processing file /home/airflow/.local/lib/python3.12/site-packages/airflow/example_dags/example_sla_dag.py for tasks to queue
[2024-05-24T12:56:06.526+0000] {logging_mixin.py:188} INFO - [2024-05-24T12:56:06.526+0000] {dagbag.py:545} INFO - Filling up the DagBag from /home/airflow/.local/lib/python3.12/site-packages/airflow/example_dags/example_sla_dag.py
[2024-05-24T12:56:06.543+0000] {processor.py:840} INFO - DAG(s) 'example_sla_dag' retrieved from /home/airflow/.local/lib/python3.12/site-packages/airflow/example_dags/example_sla_dag.py
[2024-05-24T12:56:06.638+0000] {logging_mixin.py:188} INFO - [2024-05-24T12:56:06.638+0000] {dag.py:3096} INFO - Sync 1 DAGs
[2024-05-24T12:56:06.695+0000] {logging_mixin.py:188} INFO - [2024-05-24T12:56:06.695+0000] {dag.py:3954} INFO - Setting next_dagrun for example_sla_dag to 2024-05-24 12:54:00+00:00, run_after=2024-05-24 12:56:00+00:00
[2024-05-24T12:56:06.732+0000] {processor.py:183} INFO - Processing /home/airflow/.local/lib/python3.12/site-packages/airflow/example_dags/example_sla_dag.py took 0.283 seconds
[2024-05-24T12:56:37.367+0000] {processor.py:161} INFO - Started process (PID=120) to work on /home/airflow/.local/lib/python3.12/site-packages/airflow/example_dags/example_sla_dag.py
[2024-05-24T12:56:37.368+0000] {processor.py:830} INFO - Processing file /home/airflow/.local/lib/python3.12/site-packages/airflow/example_dags/example_sla_dag.py for tasks to queue
[2024-05-24T12:56:37.371+0000] {logging_mixin.py:188} INFO - [2024-05-24T12:56:37.370+0000] {dagbag.py:545} INFO - Filling up the DagBag from /home/airflow/.local/lib/python3.12/site-packages/airflow/example_dags/example_sla_dag.py
[2024-05-24T12:56:37.379+0000] {processor.py:840} INFO - DAG(s) 'example_sla_dag' retrieved from /home/airflow/.local/lib/python3.12/site-packages/airflow/example_dags/example_sla_dag.py
[2024-05-24T12:56:37.399+0000] {logging_mixin.py:188} INFO - [2024-05-24T12:56:37.398+0000] {dag.py:3096} INFO - Sync 1 DAGs
[2024-05-24T12:56:37.423+0000] {logging_mixin.py:188} INFO - [2024-05-24T12:56:37.423+0000] {dag.py:3954} INFO - Setting next_dagrun for example_sla_dag to 2024-05-24 12:54:00+00:00, run_after=2024-05-24 12:56:00+00:00
[2024-05-24T12:56:37.443+0000] {processor.py:183} INFO - Processing /home/airflow/.local/lib/python3.12/site-packages/airflow/example_dags/example_sla_dag.py took 0.082 seconds
[2024-05-24T12:57:07.929+0000] {processor.py:161} INFO - Started process (PID=178) to work on /home/airflow/.local/lib/python3.12/site-packages/airflow/example_dags/example_sla_dag.py
[2024-05-24T12:57:07.931+0000] {processor.py:830} INFO - Processing file /home/airflow/.local/lib/python3.12/site-packages/airflow/example_dags/example_sla_dag.py for tasks to queue
[2024-05-24T12:57:07.933+0000] {logging_mixin.py:188} INFO - [2024-05-24T12:57:07.933+0000] {dagbag.py:545} INFO - Filling up the DagBag from /home/airflow/.local/lib/python3.12/site-packages/airflow/example_dags/example_sla_dag.py
[2024-05-24T12:57:07.952+0000] {processor.py:840} INFO - DAG(s) 'example_sla_dag' retrieved from /home/airflow/.local/lib/python3.12/site-packages/airflow/example_dags/example_sla_dag.py
[2024-05-24T12:57:07.980+0000] {logging_mixin.py:188} INFO - [2024-05-24T12:57:07.980+0000] {dag.py:3096} INFO - Sync 1 DAGs
[2024-05-24T12:57:08.012+0000] {logging_mixin.py:188} INFO - [2024-05-24T12:57:08.012+0000] {dag.py:3954} INFO - Setting next_dagrun for example_sla_dag to 2024-05-24 12:54:00+00:00, run_after=2024-05-24 12:56:00+00:00
[2024-05-24T12:57:08.044+0000] {processor.py:183} INFO - Processing /home/airflow/.local/lib/python3.12/site-packages/airflow/example_dags/example_sla_dag.py took 0.121 seconds
[2024-05-24T12:57:38.272+0000] {processor.py:161} INFO - Started process (PID=236) to work on /home/airflow/.local/lib/python3.12/site-packages/airflow/example_dags/example_sla_dag.py
[2024-05-24T12:57:38.274+0000] {processor.py:830} INFO - Processing file /home/airflow/.local/lib/python3.12/site-packages/airflow/example_dags/example_sla_dag.py for tasks to queue
[2024-05-24T12:57:38.276+0000] {logging_mixin.py:188} INFO - [2024-05-24T12:57:38.275+0000] {dagbag.py:545} INFO - Filling up the DagBag from /home/airflow/.local/lib/python3.12/site-packages/airflow/example_dags/example_sla_dag.py
[2024-05-24T12:57:38.284+0000] {processor.py:840} INFO - DAG(s) 'example_sla_dag' retrieved from /home/airflow/.local/lib/python3.12/site-packages/airflow/example_dags/example_sla_dag.py
[2024-05-24T12:57:38.304+0000] {logging_mixin.py:188} INFO - [2024-05-24T12:57:38.304+0000] {dag.py:3096} INFO - Sync 1 DAGs
[2024-05-24T12:57:38.330+0000] {logging_mixin.py:188} INFO - [2024-05-24T12:57:38.329+0000] {dag.py:3954} INFO - Setting next_dagrun for example_sla_dag to 2024-05-24 12:54:00+00:00, run_after=2024-05-24 12:56:00+00:00
[2024-05-24T12:57:38.350+0000] {processor.py:183} INFO - Processing /home/airflow/.local/lib/python3.12/site-packages/airflow/example_dags/example_sla_dag.py took 0.085 seconds
[2024-05-24T12:58:08.569+0000] {processor.py:161} INFO - Started process (PID=294) to work on /home/airflow/.local/lib/python3.12/site-packages/airflow/example_dags/example_sla_dag.py
[2024-05-24T12:58:08.570+0000] {processor.py:830} INFO - Processing file /home/airflow/.local/lib/python3.12/site-packages/airflow/example_dags/example_sla_dag.py for tasks to queue
[2024-05-24T12:58:08.572+0000] {logging_mixin.py:188} INFO - [2024-05-24T12:58:08.572+0000] {dagbag.py:545} INFO - Filling up the DagBag from /home/airflow/.local/lib/python3.12/site-packages/airflow/example_dags/example_sla_dag.py
[2024-05-24T12:58:08.581+0000] {processor.py:840} INFO - DAG(s) 'example_sla_dag' retrieved from /home/airflow/.local/lib/python3.12/site-packages/airflow/example_dags/example_sla_dag.py
[2024-05-24T12:58:08.601+0000] {logging_mixin.py:188} INFO - [2024-05-24T12:58:08.600+0000] {dag.py:3096} INFO - Sync 1 DAGs
[2024-05-24T12:58:08.625+0000] {logging_mixin.py:188} INFO - [2024-05-24T12:58:08.625+0000] {dag.py:3954} INFO - Setting next_dagrun for example_sla_dag to 2024-05-24 12:56:00+00:00, run_after=2024-05-24 12:58:00+00:00
[2024-05-24T12:58:08.656+0000] {processor.py:183} INFO - Processing /home/airflow/.local/lib/python3.12/site-packages/airflow/example_dags/example_sla_dag.py took 0.094 seconds
[2024-05-24T12:58:38.797+0000] {processor.py:161} INFO - Started process (PID=352) to work on /home/airflow/.local/lib/python3.12/site-packages/airflow/example_dags/example_sla_dag.py
[2024-05-24T12:58:38.799+0000] {processor.py:830} INFO - Processing file /home/airflow/.local/lib/python3.12/site-packages/airflow/example_dags/example_sla_dag.py for tasks to queue
[2024-05-24T12:58:38.801+0000] {logging_mixin.py:188} INFO - [2024-05-24T12:58:38.801+0000] {dagbag.py:545} INFO - Filling up the DagBag from /home/airflow/.local/lib/python3.12/site-packages/airflow/example_dags/example_sla_dag.py
[2024-05-24T12:58:38.810+0000] {processor.py:840} INFO - DAG(s) 'example_sla_dag' retrieved from /home/airflow/.local/lib/python3.12/site-packages/airflow/example_dags/example_sla_dag.py
[2024-05-24T12:58:38.830+0000] {logging_mixin.py:188} INFO - [2024-05-24T12:58:38.829+0000] {dag.py:3096} INFO - Sync 1 DAGs
[2024-05-24T12:58:38.857+0000] {logging_mixin.py:188} INFO - [2024-05-24T12:58:38.856+0000] {dag.py:3954} INFO - Setting next_dagrun for example_sla_dag to 2024-05-24 12:56:00+00:00, run_after=2024-05-24 12:58:00+00:00
[2024-05-24T12:58:38.878+0000] {processor.py:183} INFO - Processing /home/airflow/.local/lib/python3.12/site-packages/airflow/example_dags/example_sla_dag.py took 0.086 seconds
