[2024-05-24T12:56:09.965+0000] {processor.py:161} INFO - Started process (PID=76) to work on /home/airflow/.local/lib/python3.12/site-packages/airflow/example_dags/example_branch_datetime_operator.py
[2024-05-24T12:56:09.967+0000] {processor.py:830} INFO - Processing file /home/airflow/.local/lib/python3.12/site-packages/airflow/example_dags/example_branch_datetime_operator.py for tasks to queue
[2024-05-24T12:56:09.973+0000] {logging_mixin.py:188} INFO - [2024-05-24T12:56:09.972+0000] {dagbag.py:545} INFO - Filling up the DagBag from /home/airflow/.local/lib/python3.12/site-packages/airflow/example_dags/example_branch_datetime_operator.py
[2024-05-24T12:56:10.009+0000] {processor.py:840} INFO - DAG(s) 'example_branch_datetime_operator', 'example_branch_datetime_operator_2', 'example_branch_datetime_operator_3' retrieved from /home/airflow/.local/lib/python3.12/site-packages/airflow/example_dags/example_branch_datetime_operator.py
[2024-05-24T12:56:10.154+0000] {logging_mixin.py:188} INFO - [2024-05-24T12:56:10.154+0000] {dag.py:3096} INFO - Sync 3 DAGs
[2024-05-24T12:56:10.441+0000] {logging_mixin.py:188} INFO - [2024-05-24T12:56:10.438+0000] {dag.py:3954} INFO - Setting next_dagrun for example_branch_datetime_operator to 2024-05-23 00:00:00+00:00, run_after=2024-05-24 00:00:00+00:00
[2024-05-24T12:56:10.465+0000] {logging_mixin.py:188} INFO - [2024-05-24T12:56:10.465+0000] {dag.py:3954} INFO - Setting next_dagrun for example_branch_datetime_operator_2 to 2024-05-23 00:00:00+00:00, run_after=2024-05-24 00:00:00+00:00
[2024-05-24T12:56:10.478+0000] {logging_mixin.py:188} INFO - [2024-05-24T12:56:10.477+0000] {dag.py:3954} INFO - Setting next_dagrun for example_branch_datetime_operator_3 to 2024-05-23 00:00:00+00:00, run_after=2024-05-24 00:00:00+00:00
[2024-05-24T12:56:10.562+0000] {processor.py:183} INFO - Processing /home/airflow/.local/lib/python3.12/site-packages/airflow/example_dags/example_branch_datetime_operator.py took 0.612 seconds
[2024-05-24T12:56:41.032+0000] {processor.py:161} INFO - Started process (PID=134) to work on /home/airflow/.local/lib/python3.12/site-packages/airflow/example_dags/example_branch_datetime_operator.py
[2024-05-24T12:56:41.033+0000] {processor.py:830} INFO - Processing file /home/airflow/.local/lib/python3.12/site-packages/airflow/example_dags/example_branch_datetime_operator.py for tasks to queue
[2024-05-24T12:56:41.035+0000] {logging_mixin.py:188} INFO - [2024-05-24T12:56:41.034+0000] {dagbag.py:545} INFO - Filling up the DagBag from /home/airflow/.local/lib/python3.12/site-packages/airflow/example_dags/example_branch_datetime_operator.py
[2024-05-24T12:56:41.044+0000] {processor.py:840} INFO - DAG(s) 'example_branch_datetime_operator_3', 'example_branch_datetime_operator_2', 'example_branch_datetime_operator' retrieved from /home/airflow/.local/lib/python3.12/site-packages/airflow/example_dags/example_branch_datetime_operator.py
[2024-05-24T12:56:41.073+0000] {logging_mixin.py:188} INFO - [2024-05-24T12:56:41.072+0000] {dag.py:3096} INFO - Sync 3 DAGs
[2024-05-24T12:56:41.095+0000] {logging_mixin.py:188} INFO - [2024-05-24T12:56:41.094+0000] {dag.py:3954} INFO - Setting next_dagrun for example_branch_datetime_operator to 2024-05-23 00:00:00+00:00, run_after=2024-05-24 00:00:00+00:00
[2024-05-24T12:56:41.100+0000] {logging_mixin.py:188} INFO - [2024-05-24T12:56:41.099+0000] {dag.py:3954} INFO - Setting next_dagrun for example_branch_datetime_operator_2 to 2024-05-23 00:00:00+00:00, run_after=2024-05-24 00:00:00+00:00
[2024-05-24T12:56:41.103+0000] {logging_mixin.py:188} INFO - [2024-05-24T12:56:41.103+0000] {dag.py:3954} INFO - Setting next_dagrun for example_branch_datetime_operator_3 to 2024-05-23 00:00:00+00:00, run_after=2024-05-24 00:00:00+00:00
[2024-05-24T12:56:41.126+0000] {processor.py:183} INFO - Processing /home/airflow/.local/lib/python3.12/site-packages/airflow/example_dags/example_branch_datetime_operator.py took 0.100 seconds
[2024-05-24T12:57:11.690+0000] {processor.py:161} INFO - Started process (PID=192) to work on /home/airflow/.local/lib/python3.12/site-packages/airflow/example_dags/example_branch_datetime_operator.py
[2024-05-24T12:57:11.691+0000] {processor.py:830} INFO - Processing file /home/airflow/.local/lib/python3.12/site-packages/airflow/example_dags/example_branch_datetime_operator.py for tasks to queue
[2024-05-24T12:57:11.693+0000] {logging_mixin.py:188} INFO - [2024-05-24T12:57:11.692+0000] {dagbag.py:545} INFO - Filling up the DagBag from /home/airflow/.local/lib/python3.12/site-packages/airflow/example_dags/example_branch_datetime_operator.py
[2024-05-24T12:57:11.701+0000] {processor.py:840} INFO - DAG(s) 'example_branch_datetime_operator_2', 'example_branch_datetime_operator_3', 'example_branch_datetime_operator' retrieved from /home/airflow/.local/lib/python3.12/site-packages/airflow/example_dags/example_branch_datetime_operator.py
[2024-05-24T12:57:11.733+0000] {logging_mixin.py:188} INFO - [2024-05-24T12:57:11.733+0000] {dag.py:3096} INFO - Sync 3 DAGs
[2024-05-24T12:57:11.760+0000] {logging_mixin.py:188} INFO - [2024-05-24T12:57:11.760+0000] {dag.py:3954} INFO - Setting next_dagrun for example_branch_datetime_operator to 2024-05-23 00:00:00+00:00, run_after=2024-05-24 00:00:00+00:00
[2024-05-24T12:57:11.766+0000] {logging_mixin.py:188} INFO - [2024-05-24T12:57:11.766+0000] {dag.py:3954} INFO - Setting next_dagrun for example_branch_datetime_operator_2 to 2024-05-23 00:00:00+00:00, run_after=2024-05-24 00:00:00+00:00
[2024-05-24T12:57:11.769+0000] {logging_mixin.py:188} INFO - [2024-05-24T12:57:11.769+0000] {dag.py:3954} INFO - Setting next_dagrun for example_branch_datetime_operator_3 to 2024-05-23 00:00:00+00:00, run_after=2024-05-24 00:00:00+00:00
[2024-05-24T12:57:11.796+0000] {processor.py:183} INFO - Processing /home/airflow/.local/lib/python3.12/site-packages/airflow/example_dags/example_branch_datetime_operator.py took 0.112 seconds
[2024-05-24T12:57:41.992+0000] {processor.py:161} INFO - Started process (PID=250) to work on /home/airflow/.local/lib/python3.12/site-packages/airflow/example_dags/example_branch_datetime_operator.py
[2024-05-24T12:57:41.993+0000] {processor.py:830} INFO - Processing file /home/airflow/.local/lib/python3.12/site-packages/airflow/example_dags/example_branch_datetime_operator.py for tasks to queue
[2024-05-24T12:57:41.995+0000] {logging_mixin.py:188} INFO - [2024-05-24T12:57:41.995+0000] {dagbag.py:545} INFO - Filling up the DagBag from /home/airflow/.local/lib/python3.12/site-packages/airflow/example_dags/example_branch_datetime_operator.py
[2024-05-24T12:57:42.004+0000] {processor.py:840} INFO - DAG(s) 'example_branch_datetime_operator_3', 'example_branch_datetime_operator', 'example_branch_datetime_operator_2' retrieved from /home/airflow/.local/lib/python3.12/site-packages/airflow/example_dags/example_branch_datetime_operator.py
[2024-05-24T12:57:42.034+0000] {logging_mixin.py:188} INFO - [2024-05-24T12:57:42.033+0000] {dag.py:3096} INFO - Sync 3 DAGs
[2024-05-24T12:57:42.057+0000] {logging_mixin.py:188} INFO - [2024-05-24T12:57:42.057+0000] {dag.py:3954} INFO - Setting next_dagrun for example_branch_datetime_operator to 2024-05-23 00:00:00+00:00, run_after=2024-05-24 00:00:00+00:00
[2024-05-24T12:57:42.062+0000] {logging_mixin.py:188} INFO - [2024-05-24T12:57:42.062+0000] {dag.py:3954} INFO - Setting next_dagrun for example_branch_datetime_operator_2 to 2024-05-23 00:00:00+00:00, run_after=2024-05-24 00:00:00+00:00
[2024-05-24T12:57:42.066+0000] {logging_mixin.py:188} INFO - [2024-05-24T12:57:42.066+0000] {dag.py:3954} INFO - Setting next_dagrun for example_branch_datetime_operator_3 to 2024-05-23 00:00:00+00:00, run_after=2024-05-24 00:00:00+00:00
[2024-05-24T12:57:42.087+0000] {processor.py:183} INFO - Processing /home/airflow/.local/lib/python3.12/site-packages/airflow/example_dags/example_branch_datetime_operator.py took 0.100 seconds
[2024-05-24T12:58:12.931+0000] {processor.py:161} INFO - Started process (PID=308) to work on /home/airflow/.local/lib/python3.12/site-packages/airflow/example_dags/example_branch_datetime_operator.py
[2024-05-24T12:58:12.932+0000] {processor.py:830} INFO - Processing file /home/airflow/.local/lib/python3.12/site-packages/airflow/example_dags/example_branch_datetime_operator.py for tasks to queue
[2024-05-24T12:58:12.934+0000] {logging_mixin.py:188} INFO - [2024-05-24T12:58:12.934+0000] {dagbag.py:545} INFO - Filling up the DagBag from /home/airflow/.local/lib/python3.12/site-packages/airflow/example_dags/example_branch_datetime_operator.py
[2024-05-24T12:58:12.943+0000] {processor.py:840} INFO - DAG(s) 'example_branch_datetime_operator_3', 'example_branch_datetime_operator', 'example_branch_datetime_operator_2' retrieved from /home/airflow/.local/lib/python3.12/site-packages/airflow/example_dags/example_branch_datetime_operator.py
[2024-05-24T12:58:12.974+0000] {logging_mixin.py:188} INFO - [2024-05-24T12:58:12.974+0000] {dag.py:3096} INFO - Sync 3 DAGs
[2024-05-24T12:58:13.000+0000] {logging_mixin.py:188} INFO - [2024-05-24T12:58:13.000+0000] {dag.py:3954} INFO - Setting next_dagrun for example_branch_datetime_operator to 2024-05-23 00:00:00+00:00, run_after=2024-05-24 00:00:00+00:00
[2024-05-24T12:58:13.006+0000] {logging_mixin.py:188} INFO - [2024-05-24T12:58:13.006+0000] {dag.py:3954} INFO - Setting next_dagrun for example_branch_datetime_operator_2 to 2024-05-23 00:00:00+00:00, run_after=2024-05-24 00:00:00+00:00
[2024-05-24T12:58:13.010+0000] {logging_mixin.py:188} INFO - [2024-05-24T12:58:13.010+0000] {dag.py:3954} INFO - Setting next_dagrun for example_branch_datetime_operator_3 to 2024-05-23 00:00:00+00:00, run_after=2024-05-24 00:00:00+00:00
[2024-05-24T12:58:13.031+0000] {processor.py:183} INFO - Processing /home/airflow/.local/lib/python3.12/site-packages/airflow/example_dags/example_branch_datetime_operator.py took 0.105 seconds
[2024-05-24T12:58:43.517+0000] {processor.py:161} INFO - Started process (PID=366) to work on /home/airflow/.local/lib/python3.12/site-packages/airflow/example_dags/example_branch_datetime_operator.py
[2024-05-24T12:58:43.518+0000] {processor.py:830} INFO - Processing file /home/airflow/.local/lib/python3.12/site-packages/airflow/example_dags/example_branch_datetime_operator.py for tasks to queue
[2024-05-24T12:58:43.521+0000] {logging_mixin.py:188} INFO - [2024-05-24T12:58:43.520+0000] {dagbag.py:545} INFO - Filling up the DagBag from /home/airflow/.local/lib/python3.12/site-packages/airflow/example_dags/example_branch_datetime_operator.py
[2024-05-24T12:58:43.534+0000] {processor.py:840} INFO - DAG(s) 'example_branch_datetime_operator_2', 'example_branch_datetime_operator_3', 'example_branch_datetime_operator' retrieved from /home/airflow/.local/lib/python3.12/site-packages/airflow/example_dags/example_branch_datetime_operator.py
[2024-05-24T12:58:43.567+0000] {logging_mixin.py:188} INFO - [2024-05-24T12:58:43.567+0000] {dag.py:3096} INFO - Sync 3 DAGs
[2024-05-24T12:58:43.590+0000] {logging_mixin.py:188} INFO - [2024-05-24T12:58:43.590+0000] {dag.py:3954} INFO - Setting next_dagrun for example_branch_datetime_operator to 2024-05-23 00:00:00+00:00, run_after=2024-05-24 00:00:00+00:00
[2024-05-24T12:58:43.596+0000] {logging_mixin.py:188} INFO - [2024-05-24T12:58:43.596+0000] {dag.py:3954} INFO - Setting next_dagrun for example_branch_datetime_operator_2 to 2024-05-23 00:00:00+00:00, run_after=2024-05-24 00:00:00+00:00
[2024-05-24T12:58:43.599+0000] {logging_mixin.py:188} INFO - [2024-05-24T12:58:43.598+0000] {dag.py:3954} INFO - Setting next_dagrun for example_branch_datetime_operator_3 to 2024-05-23 00:00:00+00:00, run_after=2024-05-24 00:00:00+00:00
[2024-05-24T12:58:43.620+0000] {processor.py:183} INFO - Processing /home/airflow/.local/lib/python3.12/site-packages/airflow/example_dags/example_branch_datetime_operator.py took 0.113 seconds
