[2024-05-24T12:56:10.583+0000] {processor.py:161} INFO - Started process (PID=77) to work on /home/airflow/.local/lib/python3.12/site-packages/airflow/example_dags/example_latest_only.py
[2024-05-24T12:56:10.586+0000] {processor.py:830} INFO - Processing file /home/airflow/.local/lib/python3.12/site-packages/airflow/example_dags/example_latest_only.py for tasks to queue
[2024-05-24T12:56:10.592+0000] {logging_mixin.py:188} INFO - [2024-05-24T12:56:10.591+0000] {dagbag.py:545} INFO - Filling up the DagBag from /home/airflow/.local/lib/python3.12/site-packages/airflow/example_dags/example_latest_only.py
[2024-05-24T12:56:10.629+0000] {processor.py:840} INFO - DAG(s) 'latest_only' retrieved from /home/airflow/.local/lib/python3.12/site-packages/airflow/example_dags/example_latest_only.py
[2024-05-24T12:56:10.803+0000] {logging_mixin.py:188} INFO - [2024-05-24T12:56:10.802+0000] {dag.py:3096} INFO - Sync 1 DAGs
[2024-05-24T12:56:11.024+0000] {logging_mixin.py:188} INFO - [2024-05-24T12:56:11.023+0000] {dag.py:3954} INFO - Setting next_dagrun for latest_only to 2024-05-24 08:00:00+00:00, run_after=2024-05-24 12:00:00+00:00
[2024-05-24T12:56:11.131+0000] {processor.py:183} INFO - Processing /home/airflow/.local/lib/python3.12/site-packages/airflow/example_dags/example_latest_only.py took 0.561 seconds
[2024-05-24T12:56:42.142+0000] {processor.py:161} INFO - Started process (PID=135) to work on /home/airflow/.local/lib/python3.12/site-packages/airflow/example_dags/example_latest_only.py
[2024-05-24T12:56:42.143+0000] {processor.py:830} INFO - Processing file /home/airflow/.local/lib/python3.12/site-packages/airflow/example_dags/example_latest_only.py for tasks to queue
[2024-05-24T12:56:42.145+0000] {logging_mixin.py:188} INFO - [2024-05-24T12:56:42.145+0000] {dagbag.py:545} INFO - Filling up the DagBag from /home/airflow/.local/lib/python3.12/site-packages/airflow/example_dags/example_latest_only.py
[2024-05-24T12:56:42.150+0000] {processor.py:840} INFO - DAG(s) 'latest_only' retrieved from /home/airflow/.local/lib/python3.12/site-packages/airflow/example_dags/example_latest_only.py
[2024-05-24T12:56:42.172+0000] {logging_mixin.py:188} INFO - [2024-05-24T12:56:42.172+0000] {dag.py:3096} INFO - Sync 1 DAGs
[2024-05-24T12:56:42.194+0000] {logging_mixin.py:188} INFO - [2024-05-24T12:56:42.194+0000] {dag.py:3954} INFO - Setting next_dagrun for latest_only to 2024-05-24 08:00:00+00:00, run_after=2024-05-24 12:00:00+00:00
[2024-05-24T12:56:42.217+0000] {processor.py:183} INFO - Processing /home/airflow/.local/lib/python3.12/site-packages/airflow/example_dags/example_latest_only.py took 0.081 seconds
[2024-05-24T12:57:12.796+0000] {processor.py:161} INFO - Started process (PID=193) to work on /home/airflow/.local/lib/python3.12/site-packages/airflow/example_dags/example_latest_only.py
[2024-05-24T12:57:12.798+0000] {processor.py:830} INFO - Processing file /home/airflow/.local/lib/python3.12/site-packages/airflow/example_dags/example_latest_only.py for tasks to queue
[2024-05-24T12:57:12.800+0000] {logging_mixin.py:188} INFO - [2024-05-24T12:57:12.799+0000] {dagbag.py:545} INFO - Filling up the DagBag from /home/airflow/.local/lib/python3.12/site-packages/airflow/example_dags/example_latest_only.py
[2024-05-24T12:57:12.805+0000] {processor.py:840} INFO - DAG(s) 'latest_only' retrieved from /home/airflow/.local/lib/python3.12/site-packages/airflow/example_dags/example_latest_only.py
[2024-05-24T12:57:12.829+0000] {logging_mixin.py:188} INFO - [2024-05-24T12:57:12.828+0000] {dag.py:3096} INFO - Sync 1 DAGs
[2024-05-24T12:57:12.858+0000] {logging_mixin.py:188} INFO - [2024-05-24T12:57:12.858+0000] {dag.py:3954} INFO - Setting next_dagrun for latest_only to 2024-05-24 08:00:00+00:00, run_after=2024-05-24 12:00:00+00:00
[2024-05-24T12:57:12.884+0000] {processor.py:183} INFO - Processing /home/airflow/.local/lib/python3.12/site-packages/airflow/example_dags/example_latest_only.py took 0.094 seconds
[2024-05-24T12:57:43.097+0000] {processor.py:161} INFO - Started process (PID=251) to work on /home/airflow/.local/lib/python3.12/site-packages/airflow/example_dags/example_latest_only.py
[2024-05-24T12:57:43.099+0000] {processor.py:830} INFO - Processing file /home/airflow/.local/lib/python3.12/site-packages/airflow/example_dags/example_latest_only.py for tasks to queue
[2024-05-24T12:57:43.101+0000] {logging_mixin.py:188} INFO - [2024-05-24T12:57:43.101+0000] {dagbag.py:545} INFO - Filling up the DagBag from /home/airflow/.local/lib/python3.12/site-packages/airflow/example_dags/example_latest_only.py
[2024-05-24T12:57:43.107+0000] {processor.py:840} INFO - DAG(s) 'latest_only' retrieved from /home/airflow/.local/lib/python3.12/site-packages/airflow/example_dags/example_latest_only.py
[2024-05-24T12:57:43.132+0000] {logging_mixin.py:188} INFO - [2024-05-24T12:57:43.132+0000] {dag.py:3096} INFO - Sync 1 DAGs
[2024-05-24T12:57:43.154+0000] {logging_mixin.py:188} INFO - [2024-05-24T12:57:43.154+0000] {dag.py:3954} INFO - Setting next_dagrun for latest_only to 2024-05-24 08:00:00+00:00, run_after=2024-05-24 12:00:00+00:00
[2024-05-24T12:57:43.179+0000] {processor.py:183} INFO - Processing /home/airflow/.local/lib/python3.12/site-packages/airflow/example_dags/example_latest_only.py took 0.088 seconds
[2024-05-24T12:58:14.070+0000] {processor.py:161} INFO - Started process (PID=309) to work on /home/airflow/.local/lib/python3.12/site-packages/airflow/example_dags/example_latest_only.py
[2024-05-24T12:58:14.071+0000] {processor.py:830} INFO - Processing file /home/airflow/.local/lib/python3.12/site-packages/airflow/example_dags/example_latest_only.py for tasks to queue
[2024-05-24T12:58:14.073+0000] {logging_mixin.py:188} INFO - [2024-05-24T12:58:14.072+0000] {dagbag.py:545} INFO - Filling up the DagBag from /home/airflow/.local/lib/python3.12/site-packages/airflow/example_dags/example_latest_only.py
[2024-05-24T12:58:14.077+0000] {processor.py:840} INFO - DAG(s) 'latest_only' retrieved from /home/airflow/.local/lib/python3.12/site-packages/airflow/example_dags/example_latest_only.py
[2024-05-24T12:58:14.100+0000] {logging_mixin.py:188} INFO - [2024-05-24T12:58:14.100+0000] {dag.py:3096} INFO - Sync 1 DAGs
[2024-05-24T12:58:14.125+0000] {logging_mixin.py:188} INFO - [2024-05-24T12:58:14.124+0000] {dag.py:3954} INFO - Setting next_dagrun for latest_only to 2024-05-24 08:00:00+00:00, run_after=2024-05-24 12:00:00+00:00
[2024-05-24T12:58:14.149+0000] {processor.py:183} INFO - Processing /home/airflow/.local/lib/python3.12/site-packages/airflow/example_dags/example_latest_only.py took 0.085 seconds
[2024-05-24T12:58:44.658+0000] {processor.py:161} INFO - Started process (PID=367) to work on /home/airflow/.local/lib/python3.12/site-packages/airflow/example_dags/example_latest_only.py
[2024-05-24T12:58:44.659+0000] {processor.py:830} INFO - Processing file /home/airflow/.local/lib/python3.12/site-packages/airflow/example_dags/example_latest_only.py for tasks to queue
[2024-05-24T12:58:44.661+0000] {logging_mixin.py:188} INFO - [2024-05-24T12:58:44.660+0000] {dagbag.py:545} INFO - Filling up the DagBag from /home/airflow/.local/lib/python3.12/site-packages/airflow/example_dags/example_latest_only.py
[2024-05-24T12:58:44.665+0000] {processor.py:840} INFO - DAG(s) 'latest_only' retrieved from /home/airflow/.local/lib/python3.12/site-packages/airflow/example_dags/example_latest_only.py
[2024-05-24T12:58:44.686+0000] {logging_mixin.py:188} INFO - [2024-05-24T12:58:44.686+0000] {dag.py:3096} INFO - Sync 1 DAGs
[2024-05-24T12:58:44.709+0000] {logging_mixin.py:188} INFO - [2024-05-24T12:58:44.708+0000] {dag.py:3954} INFO - Setting next_dagrun for latest_only to 2024-05-24 08:00:00+00:00, run_after=2024-05-24 12:00:00+00:00
[2024-05-24T12:58:44.731+0000] {processor.py:183} INFO - Processing /home/airflow/.local/lib/python3.12/site-packages/airflow/example_dags/example_latest_only.py took 0.079 seconds
