[2024-05-24T12:56:14.418+0000] {processor.py:161} INFO - Started process (PID=91) to work on /home/airflow/.local/lib/python3.12/site-packages/airflow/example_dags/example_task_group_decorator.py
[2024-05-24T12:56:14.420+0000] {processor.py:830} INFO - Processing file /home/airflow/.local/lib/python3.12/site-packages/airflow/example_dags/example_task_group_decorator.py for tasks to queue
[2024-05-24T12:56:14.423+0000] {logging_mixin.py:188} INFO - [2024-05-24T12:56:14.423+0000] {dagbag.py:545} INFO - Filling up the DagBag from /home/airflow/.local/lib/python3.12/site-packages/airflow/example_dags/example_task_group_decorator.py
[2024-05-24T12:56:14.453+0000] {processor.py:840} INFO - DAG(s) 'example_task_group_decorator' retrieved from /home/airflow/.local/lib/python3.12/site-packages/airflow/example_dags/example_task_group_decorator.py
[2024-05-24T12:56:14.641+0000] {logging_mixin.py:188} INFO - [2024-05-24T12:56:14.640+0000] {dag.py:3096} INFO - Sync 1 DAGs
[2024-05-24T12:56:14.804+0000] {logging_mixin.py:188} INFO - [2024-05-24T12:56:14.803+0000] {dag.py:3954} INFO - Setting next_dagrun for example_task_group_decorator to 2024-05-23 00:00:00+00:00, run_after=2024-05-24 00:00:00+00:00
[2024-05-24T12:56:14.948+0000] {processor.py:183} INFO - Processing /home/airflow/.local/lib/python3.12/site-packages/airflow/example_dags/example_task_group_decorator.py took 0.537 seconds
[2024-05-24T12:56:45.006+0000] {processor.py:161} INFO - Started process (PID=149) to work on /home/airflow/.local/lib/python3.12/site-packages/airflow/example_dags/example_task_group_decorator.py
[2024-05-24T12:56:45.008+0000] {processor.py:830} INFO - Processing file /home/airflow/.local/lib/python3.12/site-packages/airflow/example_dags/example_task_group_decorator.py for tasks to queue
[2024-05-24T12:56:45.010+0000] {logging_mixin.py:188} INFO - [2024-05-24T12:56:45.010+0000] {dagbag.py:545} INFO - Filling up the DagBag from /home/airflow/.local/lib/python3.12/site-packages/airflow/example_dags/example_task_group_decorator.py
[2024-05-24T12:56:45.023+0000] {processor.py:840} INFO - DAG(s) 'example_task_group_decorator' retrieved from /home/airflow/.local/lib/python3.12/site-packages/airflow/example_dags/example_task_group_decorator.py
[2024-05-24T12:56:45.048+0000] {logging_mixin.py:188} INFO - [2024-05-24T12:56:45.048+0000] {dag.py:3096} INFO - Sync 1 DAGs
[2024-05-24T12:56:45.068+0000] {logging_mixin.py:188} INFO - [2024-05-24T12:56:45.068+0000] {dag.py:3954} INFO - Setting next_dagrun for example_task_group_decorator to 2024-05-23 00:00:00+00:00, run_after=2024-05-24 00:00:00+00:00
[2024-05-24T12:56:45.087+0000] {processor.py:183} INFO - Processing /home/airflow/.local/lib/python3.12/site-packages/airflow/example_dags/example_task_group_decorator.py took 0.088 seconds
[2024-05-24T12:57:15.675+0000] {processor.py:161} INFO - Started process (PID=207) to work on /home/airflow/.local/lib/python3.12/site-packages/airflow/example_dags/example_task_group_decorator.py
[2024-05-24T12:57:15.676+0000] {processor.py:830} INFO - Processing file /home/airflow/.local/lib/python3.12/site-packages/airflow/example_dags/example_task_group_decorator.py for tasks to queue
[2024-05-24T12:57:15.679+0000] {logging_mixin.py:188} INFO - [2024-05-24T12:57:15.679+0000] {dagbag.py:545} INFO - Filling up the DagBag from /home/airflow/.local/lib/python3.12/site-packages/airflow/example_dags/example_task_group_decorator.py
[2024-05-24T12:57:15.692+0000] {processor.py:840} INFO - DAG(s) 'example_task_group_decorator' retrieved from /home/airflow/.local/lib/python3.12/site-packages/airflow/example_dags/example_task_group_decorator.py
[2024-05-24T12:57:15.716+0000] {logging_mixin.py:188} INFO - [2024-05-24T12:57:15.715+0000] {dag.py:3096} INFO - Sync 1 DAGs
[2024-05-24T12:57:15.736+0000] {logging_mixin.py:188} INFO - [2024-05-24T12:57:15.735+0000] {dag.py:3954} INFO - Setting next_dagrun for example_task_group_decorator to 2024-05-23 00:00:00+00:00, run_after=2024-05-24 00:00:00+00:00
[2024-05-24T12:57:15.757+0000] {processor.py:183} INFO - Processing /home/airflow/.local/lib/python3.12/site-packages/airflow/example_dags/example_task_group_decorator.py took 0.088 seconds
[2024-05-24T12:57:45.978+0000] {processor.py:161} INFO - Started process (PID=265) to work on /home/airflow/.local/lib/python3.12/site-packages/airflow/example_dags/example_task_group_decorator.py
[2024-05-24T12:57:45.979+0000] {processor.py:830} INFO - Processing file /home/airflow/.local/lib/python3.12/site-packages/airflow/example_dags/example_task_group_decorator.py for tasks to queue
[2024-05-24T12:57:45.982+0000] {logging_mixin.py:188} INFO - [2024-05-24T12:57:45.981+0000] {dagbag.py:545} INFO - Filling up the DagBag from /home/airflow/.local/lib/python3.12/site-packages/airflow/example_dags/example_task_group_decorator.py
[2024-05-24T12:57:45.995+0000] {processor.py:840} INFO - DAG(s) 'example_task_group_decorator' retrieved from /home/airflow/.local/lib/python3.12/site-packages/airflow/example_dags/example_task_group_decorator.py
[2024-05-24T12:57:46.022+0000] {logging_mixin.py:188} INFO - [2024-05-24T12:57:46.021+0000] {dag.py:3096} INFO - Sync 1 DAGs
[2024-05-24T12:57:46.041+0000] {logging_mixin.py:188} INFO - [2024-05-24T12:57:46.041+0000] {dag.py:3954} INFO - Setting next_dagrun for example_task_group_decorator to 2024-05-23 00:00:00+00:00, run_after=2024-05-24 00:00:00+00:00
[2024-05-24T12:57:46.064+0000] {processor.py:183} INFO - Processing /home/airflow/.local/lib/python3.12/site-packages/airflow/example_dags/example_task_group_decorator.py took 0.092 seconds
[2024-05-24T12:58:16.908+0000] {processor.py:161} INFO - Started process (PID=323) to work on /home/airflow/.local/lib/python3.12/site-packages/airflow/example_dags/example_task_group_decorator.py
[2024-05-24T12:58:16.910+0000] {processor.py:830} INFO - Processing file /home/airflow/.local/lib/python3.12/site-packages/airflow/example_dags/example_task_group_decorator.py for tasks to queue
[2024-05-24T12:58:16.912+0000] {logging_mixin.py:188} INFO - [2024-05-24T12:58:16.912+0000] {dagbag.py:545} INFO - Filling up the DagBag from /home/airflow/.local/lib/python3.12/site-packages/airflow/example_dags/example_task_group_decorator.py
[2024-05-24T12:58:16.928+0000] {processor.py:840} INFO - DAG(s) 'example_task_group_decorator' retrieved from /home/airflow/.local/lib/python3.12/site-packages/airflow/example_dags/example_task_group_decorator.py
[2024-05-24T12:58:16.955+0000] {logging_mixin.py:188} INFO - [2024-05-24T12:58:16.955+0000] {dag.py:3096} INFO - Sync 1 DAGs
[2024-05-24T12:58:16.977+0000] {logging_mixin.py:188} INFO - [2024-05-24T12:58:16.977+0000] {dag.py:3954} INFO - Setting next_dagrun for example_task_group_decorator to 2024-05-23 00:00:00+00:00, run_after=2024-05-24 00:00:00+00:00
[2024-05-24T12:58:17.002+0000] {processor.py:183} INFO - Processing /home/airflow/.local/lib/python3.12/site-packages/airflow/example_dags/example_task_group_decorator.py took 0.100 seconds
[2024-05-24T12:58:47.542+0000] {processor.py:161} INFO - Started process (PID=381) to work on /home/airflow/.local/lib/python3.12/site-packages/airflow/example_dags/example_task_group_decorator.py
[2024-05-24T12:58:47.543+0000] {processor.py:830} INFO - Processing file /home/airflow/.local/lib/python3.12/site-packages/airflow/example_dags/example_task_group_decorator.py for tasks to queue
[2024-05-24T12:58:47.545+0000] {logging_mixin.py:188} INFO - [2024-05-24T12:58:47.544+0000] {dagbag.py:545} INFO - Filling up the DagBag from /home/airflow/.local/lib/python3.12/site-packages/airflow/example_dags/example_task_group_decorator.py
[2024-05-24T12:58:47.556+0000] {processor.py:840} INFO - DAG(s) 'example_task_group_decorator' retrieved from /home/airflow/.local/lib/python3.12/site-packages/airflow/example_dags/example_task_group_decorator.py
[2024-05-24T12:58:47.580+0000] {logging_mixin.py:188} INFO - [2024-05-24T12:58:47.580+0000] {dag.py:3096} INFO - Sync 1 DAGs
[2024-05-24T12:58:47.601+0000] {logging_mixin.py:188} INFO - [2024-05-24T12:58:47.601+0000] {dag.py:3954} INFO - Setting next_dagrun for example_task_group_decorator to 2024-05-23 00:00:00+00:00, run_after=2024-05-24 00:00:00+00:00
[2024-05-24T12:58:47.623+0000] {processor.py:183} INFO - Processing /home/airflow/.local/lib/python3.12/site-packages/airflow/example_dags/example_task_group_decorator.py took 0.087 seconds
