[2024-05-24T12:56:11.730+0000] {processor.py:161} INFO - Started process (PID=80) to work on /home/airflow/.local/lib/python3.12/site-packages/airflow/example_dags/example_short_circuit_operator.py
[2024-05-24T12:56:11.734+0000] {processor.py:830} INFO - Processing file /home/airflow/.local/lib/python3.12/site-packages/airflow/example_dags/example_short_circuit_operator.py for tasks to queue
[2024-05-24T12:56:11.738+0000] {logging_mixin.py:188} INFO - [2024-05-24T12:56:11.738+0000] {dagbag.py:545} INFO - Filling up the DagBag from /home/airflow/.local/lib/python3.12/site-packages/airflow/example_dags/example_short_circuit_operator.py
[2024-05-24T12:56:11.858+0000] {processor.py:840} INFO - DAG(s) 'example_short_circuit_operator' retrieved from /home/airflow/.local/lib/python3.12/site-packages/airflow/example_dags/example_short_circuit_operator.py
[2024-05-24T12:56:11.975+0000] {logging_mixin.py:188} INFO - [2024-05-24T12:56:11.974+0000] {dag.py:3096} INFO - Sync 1 DAGs
[2024-05-24T12:56:12.247+0000] {logging_mixin.py:188} INFO - [2024-05-24T12:56:12.246+0000] {dag.py:3954} INFO - Setting next_dagrun for example_short_circuit_operator to 2024-05-23 00:00:00+00:00, run_after=2024-05-24 00:00:00+00:00
[2024-05-24T12:56:12.373+0000] {processor.py:183} INFO - Processing /home/airflow/.local/lib/python3.12/site-packages/airflow/example_dags/example_short_circuit_operator.py took 0.658 seconds
[2024-05-24T12:56:43.283+0000] {processor.py:161} INFO - Started process (PID=138) to work on /home/airflow/.local/lib/python3.12/site-packages/airflow/example_dags/example_short_circuit_operator.py
[2024-05-24T12:56:43.285+0000] {processor.py:830} INFO - Processing file /home/airflow/.local/lib/python3.12/site-packages/airflow/example_dags/example_short_circuit_operator.py for tasks to queue
[2024-05-24T12:56:43.287+0000] {logging_mixin.py:188} INFO - [2024-05-24T12:56:43.287+0000] {dagbag.py:545} INFO - Filling up the DagBag from /home/airflow/.local/lib/python3.12/site-packages/airflow/example_dags/example_short_circuit_operator.py
[2024-05-24T12:56:43.293+0000] {processor.py:840} INFO - DAG(s) 'example_short_circuit_operator' retrieved from /home/airflow/.local/lib/python3.12/site-packages/airflow/example_dags/example_short_circuit_operator.py
[2024-05-24T12:56:43.318+0000] {logging_mixin.py:188} INFO - [2024-05-24T12:56:43.318+0000] {dag.py:3096} INFO - Sync 1 DAGs
[2024-05-24T12:56:43.339+0000] {logging_mixin.py:188} INFO - [2024-05-24T12:56:43.339+0000] {dag.py:3954} INFO - Setting next_dagrun for example_short_circuit_operator to 2024-05-23 00:00:00+00:00, run_after=2024-05-24 00:00:00+00:00
[2024-05-24T12:56:43.364+0000] {processor.py:183} INFO - Processing /home/airflow/.local/lib/python3.12/site-packages/airflow/example_dags/example_short_circuit_operator.py took 0.087 seconds
[2024-05-24T12:57:13.956+0000] {processor.py:161} INFO - Started process (PID=196) to work on /home/airflow/.local/lib/python3.12/site-packages/airflow/example_dags/example_short_circuit_operator.py
[2024-05-24T12:57:13.957+0000] {processor.py:830} INFO - Processing file /home/airflow/.local/lib/python3.12/site-packages/airflow/example_dags/example_short_circuit_operator.py for tasks to queue
[2024-05-24T12:57:13.959+0000] {logging_mixin.py:188} INFO - [2024-05-24T12:57:13.958+0000] {dagbag.py:545} INFO - Filling up the DagBag from /home/airflow/.local/lib/python3.12/site-packages/airflow/example_dags/example_short_circuit_operator.py
[2024-05-24T12:57:13.965+0000] {processor.py:840} INFO - DAG(s) 'example_short_circuit_operator' retrieved from /home/airflow/.local/lib/python3.12/site-packages/airflow/example_dags/example_short_circuit_operator.py
[2024-05-24T12:57:13.992+0000] {logging_mixin.py:188} INFO - [2024-05-24T12:57:13.991+0000] {dag.py:3096} INFO - Sync 1 DAGs
[2024-05-24T12:57:14.017+0000] {logging_mixin.py:188} INFO - [2024-05-24T12:57:14.017+0000] {dag.py:3954} INFO - Setting next_dagrun for example_short_circuit_operator to 2024-05-23 00:00:00+00:00, run_after=2024-05-24 00:00:00+00:00
[2024-05-24T12:57:14.042+0000] {processor.py:183} INFO - Processing /home/airflow/.local/lib/python3.12/site-packages/airflow/example_dags/example_short_circuit_operator.py took 0.092 seconds
[2024-05-24T12:57:44.236+0000] {processor.py:161} INFO - Started process (PID=254) to work on /home/airflow/.local/lib/python3.12/site-packages/airflow/example_dags/example_short_circuit_operator.py
[2024-05-24T12:57:44.237+0000] {processor.py:830} INFO - Processing file /home/airflow/.local/lib/python3.12/site-packages/airflow/example_dags/example_short_circuit_operator.py for tasks to queue
[2024-05-24T12:57:44.239+0000] {logging_mixin.py:188} INFO - [2024-05-24T12:57:44.239+0000] {dagbag.py:545} INFO - Filling up the DagBag from /home/airflow/.local/lib/python3.12/site-packages/airflow/example_dags/example_short_circuit_operator.py
[2024-05-24T12:57:44.246+0000] {processor.py:840} INFO - DAG(s) 'example_short_circuit_operator' retrieved from /home/airflow/.local/lib/python3.12/site-packages/airflow/example_dags/example_short_circuit_operator.py
[2024-05-24T12:57:44.275+0000] {logging_mixin.py:188} INFO - [2024-05-24T12:57:44.274+0000] {dag.py:3096} INFO - Sync 1 DAGs
[2024-05-24T12:57:44.302+0000] {logging_mixin.py:188} INFO - [2024-05-24T12:57:44.301+0000] {dag.py:3954} INFO - Setting next_dagrun for example_short_circuit_operator to 2024-05-23 00:00:00+00:00, run_after=2024-05-24 00:00:00+00:00
[2024-05-24T12:57:44.332+0000] {processor.py:183} INFO - Processing /home/airflow/.local/lib/python3.12/site-packages/airflow/example_dags/example_short_circuit_operator.py took 0.102 seconds
[2024-05-24T12:58:15.199+0000] {processor.py:161} INFO - Started process (PID=312) to work on /home/airflow/.local/lib/python3.12/site-packages/airflow/example_dags/example_short_circuit_operator.py
[2024-05-24T12:58:15.200+0000] {processor.py:830} INFO - Processing file /home/airflow/.local/lib/python3.12/site-packages/airflow/example_dags/example_short_circuit_operator.py for tasks to queue
[2024-05-24T12:58:15.202+0000] {logging_mixin.py:188} INFO - [2024-05-24T12:58:15.202+0000] {dagbag.py:545} INFO - Filling up the DagBag from /home/airflow/.local/lib/python3.12/site-packages/airflow/example_dags/example_short_circuit_operator.py
[2024-05-24T12:58:15.209+0000] {processor.py:840} INFO - DAG(s) 'example_short_circuit_operator' retrieved from /home/airflow/.local/lib/python3.12/site-packages/airflow/example_dags/example_short_circuit_operator.py
[2024-05-24T12:58:15.234+0000] {logging_mixin.py:188} INFO - [2024-05-24T12:58:15.234+0000] {dag.py:3096} INFO - Sync 1 DAGs
[2024-05-24T12:58:15.256+0000] {logging_mixin.py:188} INFO - [2024-05-24T12:58:15.256+0000] {dag.py:3954} INFO - Setting next_dagrun for example_short_circuit_operator to 2024-05-23 00:00:00+00:00, run_after=2024-05-24 00:00:00+00:00
[2024-05-24T12:58:15.280+0000] {processor.py:183} INFO - Processing /home/airflow/.local/lib/python3.12/site-packages/airflow/example_dags/example_short_circuit_operator.py took 0.088 seconds
[2024-05-24T12:58:45.787+0000] {processor.py:161} INFO - Started process (PID=370) to work on /home/airflow/.local/lib/python3.12/site-packages/airflow/example_dags/example_short_circuit_operator.py
[2024-05-24T12:58:45.788+0000] {processor.py:830} INFO - Processing file /home/airflow/.local/lib/python3.12/site-packages/airflow/example_dags/example_short_circuit_operator.py for tasks to queue
[2024-05-24T12:58:45.790+0000] {logging_mixin.py:188} INFO - [2024-05-24T12:58:45.790+0000] {dagbag.py:545} INFO - Filling up the DagBag from /home/airflow/.local/lib/python3.12/site-packages/airflow/example_dags/example_short_circuit_operator.py
[2024-05-24T12:58:45.798+0000] {processor.py:840} INFO - DAG(s) 'example_short_circuit_operator' retrieved from /home/airflow/.local/lib/python3.12/site-packages/airflow/example_dags/example_short_circuit_operator.py
[2024-05-24T12:58:45.822+0000] {logging_mixin.py:188} INFO - [2024-05-24T12:58:45.822+0000] {dag.py:3096} INFO - Sync 1 DAGs
[2024-05-24T12:58:45.844+0000] {logging_mixin.py:188} INFO - [2024-05-24T12:58:45.843+0000] {dag.py:3954} INFO - Setting next_dagrun for example_short_circuit_operator to 2024-05-23 00:00:00+00:00, run_after=2024-05-24 00:00:00+00:00
[2024-05-24T12:58:45.868+0000] {processor.py:183} INFO - Processing /home/airflow/.local/lib/python3.12/site-packages/airflow/example_dags/example_short_circuit_operator.py took 0.087 seconds
